#
# There is insufficient memory for the Java Runtime Environment to continue.
# Native memory allocation (mmap) failed to map 96468992 bytes for committing reserved memory.
# Possible reasons:
#   The system is out of physical RAM or swap space
#   In 32 bit mode, the process size limit was hit
# Possible solutions:
#   Reduce memory load on the system
#   Increase physical memory or swap space
#   Check if swap backing store is full
#   Use 64 bit Java on a 64 bit OS
#   Decrease Java heap size (-Xmx/-Xms)
#   Decrease number of Java threads
#   Decrease Java thread stack sizes (-Xss)
#   Set larger code cache with -XX:ReservedCodeCacheSize=
# This output file may be truncated or incomplete.
#
#  Out of Memory Error (os_linux.cpp:2673), pid=17225, tid=139683679622912
#
# JRE version: Java(TM) SE Runtime Environment (8.0_45-b14) (build 1.8.0_45-b14)
# Java VM: Java HotSpot(TM) 64-Bit Server VM (25.45-b02 mixed mode linux-amd64 compressed oops)
# Failed to write core dump. Core dumps have been disabled. To enable core dumping, try "ulimit -c unlimited" before starting Java again
#

---------------  T H R E A D  ---------------

Current thread (0x00007f0ab8079000):  VMThread [stack: 0x00007f0aa40ad000,0x00007f0aa41ae000] [id=17237]

Stack: [0x00007f0aa40ad000,0x00007f0aa41ae000],  sp=0x00007f0aa41ac0a0,  free space=1020k
Native frames: (J=compiled Java code, j=interpreted, Vv=VM code, C=native code)
V  [libjvm.so+0xaac99a]  VMError::report_and_die()+0x2ba
V  [libjvm.so+0x4f333b]  report_vm_out_of_memory(char const*, int, unsigned long, VMErrorType, char const*)+0x8b
V  [libjvm.so+0x90e7c3]  os::Linux::commit_memory_impl(char*, unsigned long, bool)+0x103
V  [libjvm.so+0x90ed19]  os::pd_commit_memory(char*, unsigned long, unsigned long, bool)+0x29
V  [libjvm.so+0x90867a]  os::commit_memory(char*, unsigned long, unsigned long, bool)+0x2a
V  [libjvm.so+0x97bac3]  PSVirtualSpace::expand_by(unsigned long)+0x53
V  [libjvm.so+0x97cec8]  PSYoungGen::resize_generation(unsigned long, unsigned long)+0xf8
V  [libjvm.so+0x97c022]  PSYoungGen::resize(unsigned long, unsigned long)+0x22
V  [libjvm.so+0x9792fb]  PSScavenge::invoke_no_policy()+0xf7b
V  [libjvm.so+0x979a81]  PSScavenge::invoke()+0x41
V  [libjvm.so+0x932050]  ParallelScavengeHeap::failed_mem_allocate(unsigned long)+0x70
V  [libjvm.so+0xaae1d7]  VM_ParallelGCFailedAllocation::doit()+0x97
V  [libjvm.so+0xab59c5]  VM_Operation::evaluate()+0x55
V  [libjvm.so+0xab3d9a]  VMThread::evaluate_operation(VM_Operation*)+0xba
V  [libjvm.so+0xab411e]  VMThread::loop()+0x1ce
V  [libjvm.so+0xab4590]  VMThread::run()+0x70
V  [libjvm.so+0x910de8]  java_start(Thread*)+0x108

VM_Operation (0x00007f0abc304180): ParallelGCFailedAllocation, mode: safepoint, requested by thread 0x00007f0ab800b000


---------------  P R O C E S S  ---------------

Java Threads: ( => current thread )
  0x00007f0ab80c3800 JavaThread "Service Thread" daemon [_thread_blocked, id=17244, stack(0x00007f0a9f8f9000,0x00007f0a9f9fa000)]
  0x00007f0ab80be800 JavaThread "C1 CompilerThread2" daemon [_thread_blocked, id=17243, stack(0x00007f0a9f9fa000,0x00007f0a9fafb000)]
  0x00007f0ab80bc800 JavaThread "C2 CompilerThread1" daemon [_thread_blocked, id=17242, stack(0x00007f0a9fafb000,0x00007f0a9fbfc000)]
  0x00007f0ab80b9800 JavaThread "C2 CompilerThread0" daemon [_thread_blocked, id=17241, stack(0x00007f0a9fbfc000,0x00007f0a9fcfd000)]
  0x00007f0ab80b8000 JavaThread "Signal Dispatcher" daemon [_thread_blocked, id=17240, stack(0x00007f0a9fcfd000,0x00007f0a9fdfe000)]
  0x00007f0ab8080000 JavaThread "Finalizer" daemon [_thread_blocked, id=17239, stack(0x00007f0a9fdfe000,0x00007f0a9feff000)]
  0x00007f0ab807e000 JavaThread "Reference Handler" daemon [_thread_blocked, id=17238, stack(0x00007f0a9feff000,0x00007f0aa0000000)]
  0x00007f0ab800b000 JavaThread "main" [_thread_blocked, id=17232, stack(0x00007f0abc205000,0x00007f0abc306000)]

Other Threads:
=>0x00007f0ab8079000 VMThread [stack: 0x00007f0aa40ad000,0x00007f0aa41ae000] [id=17237]
  0x00007f0ab80c6800 WatcherThread [stack: 0x00007f0a9f7f8000,0x00007f0a9f8f9000] [id=17245]

VM state:at safepoint (normal execution)

VM Mutex/Monitor currently owned by a thread:  ([mutex/lock_event])
[0x00007f0ab8008250] Threads_lock - owner thread: 0x00007f0ab8079000
[0x00007f0ab8008750] Heap_lock - owner thread: 0x00007f0ab800b000

Heap:
 PSYoungGen      total 108544K, used 9635K [0x00000000eab00000, 0x00000000f2300000, 0x0000000100000000)
  eden space 95232K, 0% used [0x00000000eab00000,0x00000000eab00000,0x00000000f0800000)
  from space 13312K, 72% used [0x00000000f0800000,0x00000000f1168ec8,0x00000000f1500000)
  to   space 12288K, 0% used [0x00000000f1500000,0x00000000f1500000,0x00000000f2100000)
 ParOldGen       total 62976K, used 20801K [0x00000000c0000000, 0x00000000c3d80000, 0x00000000eab00000)
  object space 62976K, 33% used [0x00000000c0000000,0x00000000c14504f8,0x00000000c3d80000)
 Metaspace       used 7859K, capacity 8014K, committed 8320K, reserved 1056768K
  class space    used 782K, capacity 821K, committed 896K, reserved 1048576K

Card table byte_map: [0x00007f0abc004000,0x00007f0abc205000] byte_map_base: 0x00007f0abba04000

Marking Bits: (ParMarkBitMap*) 0x00007f0abd2a3760
 Begin Bits: [0x00007f0aa5e83000, 0x00007f0aa6e83000)
 End Bits:   [0x00007f0aa6e83000, 0x00007f0aa7e83000)

Polling page: 0x00007f0abd50a000

CodeCache: size=245760Kb used=6888Kb max_used=6900Kb free=238872Kb
 bounds [0x00007f0aa879d000, 0x00007f0aa8e6d000, 0x00007f0ab779d000]
 total_blobs=2534 nmethods=2234 adapters=214
 compilation: enabled

Compilation events (10 events):
Event: 4,363 Thread 0x00007f0ab80b9800 nmethod 2268 0x00007f0aa8e56410 code [0x00007f0aa8e565a0, 0x00007f0aa8e568b8]
Event: 4,363 Thread 0x00007f0ab80b9800 2275       4       com.android.dex.Dex$Section::readClassData (66 bytes)
Event: 4,405 Thread 0x00007f0ab80b9800 nmethod 2275 0x00007f0aa8e5aa10 code [0x00007f0aa8e5ac00, 0x00007f0aa8e5bbf0]
Event: 4,405 Thread 0x00007f0ab80b9800 2278       4       com.android.dx.io.instructions.InstructionCodec$34::decode (314 bytes)
Event: 4,423 Thread 0x00007f0ab80be800 2279   !   3       java.lang.StringCoding::encode (120 bytes)
Event: 4,427 Thread 0x00007f0ab80be800 nmethod 2279 0x00007f0aa8e61150 code [0x00007f0aa8e614a0, 0x00007f0aa8e62eb8]
Event: 4,436 Thread 0x00007f0ab80b9800 nmethod 2278 0x00007f0aa8e50f50 code [0x00007f0aa8e51160, 0x00007f0aa8e51e30]
Event: 4,436 Thread 0x00007f0ab80b9800 2273       4       com.android.dx.io.instructions.ThreeRegisterDecodedInstruction::withIndex (41 bytes)
Event: 4,440 Thread 0x00007f0ab80b9800 nmethod 2273 0x00007f0aa8e3ddd0 code [0x00007f0aa8e3df20, 0x00007f0aa8e3e1b8]
Event: 4,440 Thread 0x00007f0ab80b9800 2274       4       com.android.dx.merge.DexMerger::transformClassDef (160 bytes)

GC Heap History (10 events):
Event: 2,190 GC heap after
Heap after GC invocations=2 (full 0):
 PSYoungGen      total 27648K, used 3583K [0x00000000eab00000, 0x00000000ee100000, 0x0000000100000000)
  eden space 24064K, 0% used [0x00000000eab00000,0x00000000eab00000,0x00000000ec280000)
  from space 3584K, 99% used [0x00000000ec600000,0x00000000ec97fd80,0x00000000ec980000)
  to   space 3584K, 0% used [0x00000000ec280000,0x00000000ec280000,0x00000000ec600000)
 ParOldGen       total 62976K, used 8796K [0x00000000c0000000, 0x00000000c3d80000, 0x00000000eab00000)
  object space 62976K, 13% used [0x00000000c0000000,0x00000000c0897000,0x00000000c3d80000)
 Metaspace       used 5697K, capacity 6832K, committed 7040K, reserved 1056768K
  class space    used 571K, capacity 616K, committed 640K, reserved 1048576K
}
Event: 3,085 GC heap before
{Heap before GC invocations=3 (full 0):
 PSYoungGen      total 27648K, used 27647K [0x00000000eab00000, 0x00000000ee100000, 0x0000000100000000)
  eden space 24064K, 100% used [0x00000000eab00000,0x00000000ec280000,0x00000000ec280000)
  from space 3584K, 99% used [0x00000000ec600000,0x00000000ec97fd80,0x00000000ec980000)
  to   space 3584K, 0% used [0x00000000ec280000,0x00000000ec280000,0x00000000ec600000)
 ParOldGen       total 62976K, used 8796K [0x00000000c0000000, 0x00000000c3d80000, 0x00000000eab00000)
  object space 62976K, 13% used [0x00000000c0000000,0x00000000c0897000,0x00000000c3d80000)
 Metaspace       used 7621K, capacity 7876K, committed 8064K, reserved 1056768K
  class space    used 773K, capacity 820K, committed 896K, reserved 1048576K
Event: 3,105 GC heap after
Heap after GC invocations=3 (full 0):
 PSYoungGen      total 27648K, used 3555K [0x00000000eab00000, 0x00000000ee100000, 0x0000000100000000)
  eden space 24064K, 0% used [0x00000000eab00000,0x00000000eab00000,0x00000000ec280000)
  from space 3584K, 99% used [0x00000000ec280000,0x00000000ec5f8e90,0x00000000ec600000)
  to   space 3584K, 0% used [0x00000000edd80000,0x00000000edd80000,0x00000000ee100000)
 ParOldGen       total 62976K, used 15257K [0x00000000c0000000, 0x00000000c3d80000, 0x00000000eab00000)
  object space 62976K, 24% used [0x00000000c0000000,0x00000000c0ee6760,0x00000000c3d80000)
 Metaspace       used 7621K, capacity 7876K, committed 8064K, reserved 1056768K
  class space    used 773K, capacity 820K, committed 896K, reserved 1048576K
}
Event: 3,420 GC heap before
{Heap before GC invocations=4 (full 0):
 PSYoungGen      total 27648K, used 27619K [0x00000000eab00000, 0x00000000ee100000, 0x0000000100000000)
  eden space 24064K, 100% used [0x00000000eab00000,0x00000000ec280000,0x00000000ec280000)
  from space 3584K, 99% used [0x00000000ec280000,0x00000000ec5f8e90,0x00000000ec600000)
  to   space 3584K, 0% used [0x00000000edd80000,0x00000000edd80000,0x00000000ee100000)
 ParOldGen       total 62976K, used 15257K [0x00000000c0000000, 0x00000000c3d80000, 0x00000000eab00000)
  object space 62976K, 24% used [0x00000000c0000000,0x00000000c0ee6760,0x00000000c3d80000)
 Metaspace       used 7721K, capacity 7940K, committed 8064K, reserved 1056768K
  class space    used 774K, capacity 820K, committed 896K, reserved 1048576K
Event: 3,433 GC heap after
Heap after GC invocations=4 (full 0):
 PSYoungGen      total 51712K, used 3562K [0x00000000eab00000, 0x00000000ee100000, 0x0000000100000000)
  eden space 48128K, 0% used [0x00000000eab00000,0x00000000eab00000,0x00000000eda00000)
  from space 3584K, 99% used [0x00000000edd80000,0x00000000ee0faba8,0x00000000ee100000)
  to   space 3584K, 0% used [0x00000000eda00000,0x00000000eda00000,0x00000000edd80000)
 ParOldGen       total 62976K, used 16167K [0x00000000c0000000, 0x00000000c3d80000, 0x00000000eab00000)
  object space 62976K, 25% used [0x00000000c0000000,0x00000000c0fc9d60,0x00000000c3d80000)
 Metaspace       used 7721K, capacity 7940K, committed 8064K, reserved 1056768K
  class space    used 774K, capacity 820K, committed 896K, reserved 1048576K
}
Event: 3,737 GC heap before
{Heap before GC invocations=5 (full 0):
 PSYoungGen      total 51712K, used 51276K [0x00000000eab00000, 0x00000000ee100000, 0x0000000100000000)
  eden space 48128K, 99% used [0x00000000eab00000,0x00000000ed998680,0x00000000eda00000)
  from space 3584K, 99% used [0x00000000edd80000,0x00000000ee0faba8,0x00000000ee100000)
  to   space 3584K, 0% used [0x00000000eda00000,0x00000000eda00000,0x00000000edd80000)
 ParOldGen       total 62976K, used 16167K [0x00000000c0000000, 0x00000000c3d80000, 0x00000000eab00000)
  object space 62976K, 25% used [0x00000000c0000000,0x00000000c0fc9d60,0x00000000c3d80000)
 Metaspace       used 7757K, capacity 7940K, committed 8064K, reserved 1056768K
  class space    used 774K, capacity 820K, committed 896K, reserved 1048576K
Event: 3,745 GC heap after
Heap after GC invocations=5 (full 0):
 PSYoungGen      total 51712K, used 3562K [0x00000000eab00000, 0x00000000f2100000, 0x0000000100000000)
  eden space 48128K, 0% used [0x00000000eab00000,0x00000000eab00000,0x00000000eda00000)
  from space 3584K, 99% used [0x00000000eda00000,0x00000000edd7aba8,0x00000000edd80000)
  to   space 12288K, 0% used [0x00000000f1500000,0x00000000f1500000,0x00000000f2100000)
 ParOldGen       total 62976K, used 17783K [0x00000000c0000000, 0x00000000c3d80000, 0x00000000eab00000)
  object space 62976K, 28% used [0x00000000c0000000,0x00000000c115dc60,0x00000000c3d80000)
 Metaspace       used 7757K, capacity 7940K, committed 8064K, reserved 1056768K
  class space    used 774K, capacity 820K, committed 896K, reserved 1048576K
}
Event: 4,007 GC heap before
{Heap before GC invocations=6 (full 0):
 PSYoungGen      total 51712K, used 51690K [0x00000000eab00000, 0x00000000f2100000, 0x0000000100000000)
  eden space 48128K, 100% used [0x00000000eab00000,0x00000000eda00000,0x00000000eda00000)
  from space 3584K, 99% used [0x00000000eda00000,0x00000000edd7aba8,0x00000000edd80000)
  to   space 12288K, 0% used [0x00000000f1500000,0x00000000f1500000,0x00000000f2100000)
 ParOldGen       total 62976K, used 17783K [0x00000000c0000000, 0x00000000c3d80000, 0x00000000eab00000)
  object space 62976K, 28% used [0x00000000c0000000,0x00000000c115dc60,0x00000000c3d80000)
 Metaspace       used 7848K, capacity 8010K, committed 8320K, reserved 1056768K
  class space    used 782K, capacity 821K, committed 896K, reserved 1048576K
Event: 4,026 GC heap after
Heap after GC invocations=6 (full 0):
 PSYoungGen      total 107520K, used 10284K [0x00000000eab00000, 0x00000000f2300000, 0x0000000100000000)
  eden space 95232K, 0% used [0x00000000eab00000,0x00000000eab00000,0x00000000f0800000)
  from space 12288K, 83% used [0x00000000f1500000,0x00000000f1f0b350,0x00000000f2100000)
  to   space 13312K, 0% used [0x00000000f0800000,0x00000000f0800000,0x00000000f1500000)
 ParOldGen       total 62976K, used 17791K [0x00000000c0000000, 0x00000000c3d80000, 0x00000000eab00000)
  object space 62976K, 28% used [0x00000000c0000000,0x00000000c115fc60,0x00000000c3d80000)
 Metaspace       used 7848K, capacity 8010K, committed 8320K, reserved 1056768K
  class space    used 782K, capacity 821K, committed 896K, reserved 1048576K
}
Event: 4,557 GC heap before
{Heap before GC invocations=7 (full 0):
 PSYoungGen      total 107520K, used 105516K [0x00000000eab00000, 0x00000000f2300000, 0x0000000100000000)
  eden space 95232K, 100% used [0x00000000eab00000,0x00000000f0800000,0x00000000f0800000)
  from space 12288K, 83% used [0x00000000f1500000,0x00000000f1f0b350,0x00000000f2100000)
  to   space 13312K, 0% used [0x00000000f0800000,0x00000000f0800000,0x00000000f1500000)
 ParOldGen       total 62976K, used 17791K [0x00000000c0000000, 0x00000000c3d80000, 0x00000000eab00000)
  object space 62976K, 28% used [0x00000000c0000000,0x00000000c115fc60,0x00000000c3d80000)
 Metaspace       used 7859K, capacity 8014K, committed 8320K, reserved 1056768K
  class space    used 782K, capacity 821K, committed 896K, reserved 1048576K

Deoptimization events (10 events):
Event: 2,809 Thread 0x00007f0ab800b000 Uncommon trap: reason=unstable_if action=reinterpret pc=0x00007f0aa8b57e40 method=java.util.HashMap.getNode(ILjava/lang/Object;)Ljava/util/HashMap$Node; @ 84
Event: 2,934 Thread 0x00007f0ab800b000 Uncommon trap: reason=unstable_if action=reinterpret pc=0x00007f0aa8c4a300 method=sun.misc.MetaIndex.mayContain(Ljava/lang/String;)Z @ 13
Event: 3,074 Thread 0x00007f0ab800b000 Uncommon trap: reason=predicate action=maybe_recompile pc=0x00007f0aa8caed7c method=com.android.dex.Leb128.readUnsignedLeb128(Lcom/android/dex/util/ByteInput;)I @ 41
Event: 3,120 Thread 0x00007f0ab800b000 Uncommon trap: reason=unstable_if action=reinterpret pc=0x00007f0aa8cb4194 method=com.android.dx.merge.IndexMap.adjustString(I)I @ 2
Event: 3,259 Thread 0x00007f0ab800b000 Uncommon trap: reason=unstable_if action=reinterpret pc=0x00007f0aa8c96820 method=com.android.dex.FieldId.compareTo(Lcom/android/dex/FieldId;)I @ 8
Event: 3,263 Thread 0x00007f0ab800b000 Uncommon trap: reason=unstable_if action=reinterpret pc=0x00007f0aa8c9d794 method=com.android.dex.FieldId.compareTo(Lcom/android/dex/FieldId;)I @ 8
Event: 3,572 Thread 0x00007f0ab800b000 Uncommon trap: reason=unstable_if action=reinterpret pc=0x00007f0aa8db339c method=java.util.HashMap$TreeNode.balanceInsertion(Ljava/util/HashMap$TreeNode;Ljava/util/HashMap$TreeNode;)Ljava/util/HashMap$TreeNode; @ 47
Event: 3,573 Thread 0x00007f0ab800b000 Uncommon trap: reason=unstable_if action=reinterpret pc=0x00007f0aa8d9021c method=com.android.dex.EncodedValueCodec.readUnsignedInt(Lcom/android/dex/util/ByteInput;IZ)I @ 3
Event: 3,675 Thread 0x00007f0ab800b000 Uncommon trap: reason=unstable_if action=reinterpret pc=0x00007f0aa8d74014 method=java.util.HashMap$TreeNode.find(ILjava/lang/Object;Ljava/lang/Class;)Ljava/util/HashMap$TreeNode; @ 58
Event: 3,676 Thread 0x00007f0ab800b000 Uncommon trap: reason=unstable_if action=reinterpret pc=0x00007f0aa8d63e54 method=java.util.HashMap$TreeNode.find(ILjava/lang/Object;Ljava/lang/Class;)Ljava/util/HashMap$TreeNode; @ 58

Internal exceptions (6 events):
Event: 0,558 Thread 0x00007f0ab800b000 Exception <a 'java/lang/NoSuchMethodError': Method sun.misc.Unsafe.defineClass(Ljava/lang/String;[BII)Ljava/lang/Class; name or signature does not match> (0x00000000eab12a40) thrown at [/RE-WORK/workspace/8-2-build-linux-amd64/jdk8u45/3457/hotspot/src/sha
Event: 0,558 Thread 0x00007f0ab800b000 Exception <a 'java/lang/NoSuchMethodError': Method sun.misc.Unsafe.prefetchRead(Ljava/lang/Object;J)V name or signature does not match> (0x00000000eab12cd0) thrown at [/RE-WORK/workspace/8-2-build-linux-amd64/jdk8u45/3457/hotspot/src/share/vm/prims/jni.cp
Event: 2,934 Thread 0x00007f0ab800b000 Exception <a 'java/security/PrivilegedActionException'> (0x00000000ec08b290) thrown at [/RE-WORK/workspace/8-2-build-linux-amd64/jdk8u45/3457/hotspot/src/share/vm/prims/jvm.cpp, line 1382]
Event: 2,934 Thread 0x00007f0ab800b000 Exception <a 'java/security/PrivilegedActionException'> (0x00000000ec08b5d8) thrown at [/RE-WORK/workspace/8-2-build-linux-amd64/jdk8u45/3457/hotspot/src/share/vm/prims/jvm.cpp, line 1382]
Event: 2,934 Thread 0x00007f0ab800b000 Exception <a 'java/security/PrivilegedActionException'> (0x00000000ec08d8e0) thrown at [/RE-WORK/workspace/8-2-build-linux-amd64/jdk8u45/3457/hotspot/src/share/vm/prims/jvm.cpp, line 1382]
Event: 2,934 Thread 0x00007f0ab800b000 Exception <a 'java/security/PrivilegedActionException'> (0x00000000ec08dc28) thrown at [/RE-WORK/workspace/8-2-build-linux-amd64/jdk8u45/3457/hotspot/src/share/vm/prims/jvm.cpp, line 1382]

Events (10 events):
Event: 3,812 loading class sun/reflect/MethodAccessorGenerator$1 done
Event: 3,812 loading class sun/reflect/ClassDefiner
Event: 3,812 loading class sun/reflect/ClassDefiner done
Event: 3,812 loading class sun/reflect/ClassDefiner$1
Event: 3,812 loading class sun/reflect/ClassDefiner$1 done
Event: 3,812 loading class sun/reflect/BootstrapConstructorAccessorImpl
Event: 3,812 loading class sun/reflect/BootstrapConstructorAccessorImpl done
Event: 4,007 Executing VM operation: ParallelGCFailedAllocation
Event: 4,027 Executing VM operation: ParallelGCFailedAllocation done
Event: 4,557 Executing VM operation: ParallelGCFailedAllocation


Dynamic libraries:
00400000-00401000 r-xp 00000000 103:00 262654                            /opt/jdk1.8.0_45/bin/java
00600000-00601000 rw-p 00000000 103:00 262654                            /opt/jdk1.8.0_45/bin/java
00b82000-00ba3000 rw-p 00000000 00:00 0                                  [heap]
c0000000-c3d80000 rw-p 00000000 00:00 0 
c3d80000-eab00000 ---p 00000000 00:00 0 
eab00000-f2300000 rw-p 00000000 00:00 0 
f7f00000-100000000 ---p 00000000 00:00 0 
100000000-1000e0000 rw-p 00000000 00:00 0 
1000e0000-140000000 ---p 00000000 00:00 0 
3482000000-3482021000 r-xp 00000000 103:00 918011                        /usr/lib64/ld-2.20.so
3482221000-3482222000 r--p 00021000 103:00 918011                        /usr/lib64/ld-2.20.so
3482222000-3482223000 rw-p 00022000 103:00 918011                        /usr/lib64/ld-2.20.so
3482223000-3482224000 rw-p 00000000 00:00 0 
3482800000-34829b3000 r-xp 00000000 103:00 918111                        /usr/lib64/libc-2.20.so
34829b3000-3482bb3000 ---p 001b3000 103:00 918111                        /usr/lib64/libc-2.20.so
3482bb3000-3482bb7000 r--p 001b3000 103:00 918111                        /usr/lib64/libc-2.20.so
3482bb7000-3482bb9000 rw-p 001b7000 103:00 918111                        /usr/lib64/libc-2.20.so
3482bb9000-3482bbd000 rw-p 00000000 00:00 0 
3482c00000-3482c17000 r-xp 00000000 103:00 918452                        /usr/lib64/libpthread-2.20.so
3482c17000-3482e16000 ---p 00017000 103:00 918452                        /usr/lib64/libpthread-2.20.so
3482e16000-3482e17000 r--p 00016000 103:00 918452                        /usr/lib64/libpthread-2.20.so
3482e17000-3482e18000 rw-p 00017000 103:00 918452                        /usr/lib64/libpthread-2.20.so
3482e18000-3482e1c000 rw-p 00000000 00:00 0 
3483000000-3483003000 r-xp 00000000 103:00 918404                        /usr/lib64/libdl-2.20.so
3483003000-3483202000 ---p 00003000 103:00 918404                        /usr/lib64/libdl-2.20.so
3483202000-3483203000 r--p 00002000 103:00 918404                        /usr/lib64/libdl-2.20.so
3483203000-3483204000 rw-p 00003000 103:00 918404                        /usr/lib64/libdl-2.20.so
3483400000-3483507000 r-xp 00000000 103:00 919170                        /usr/lib64/libm-2.20.so
3483507000-3483706000 ---p 00107000 103:00 919170                        /usr/lib64/libm-2.20.so
3483706000-3483707000 r--p 00106000 103:00 919170                        /usr/lib64/libm-2.20.so
3483707000-3483708000 rw-p 00107000 103:00 919170                        /usr/lib64/libm-2.20.so
3484400000-3484407000 r-xp 00000000 103:00 924608                        /usr/lib64/librt-2.20.so
3484407000-3484606000 ---p 00007000 103:00 924608                        /usr/lib64/librt-2.20.so
3484606000-3484607000 r--p 00006000 103:00 924608                        /usr/lib64/librt-2.20.so
3484607000-3484608000 rw-p 00007000 103:00 924608                        /usr/lib64/librt-2.20.so
7f0a4c000000-7f0a4c021000 rw-p 00000000 00:00 0 
7f0a4c021000-7f0a50000000 ---p 00000000 00:00 0 
7f0a50000000-7f0a50030000 rw-p 00000000 00:00 0 
7f0a50030000-7f0a54000000 ---p 00000000 00:00 0 
7f0a54000000-7f0a54021000 rw-p 00000000 00:00 0 
7f0a54021000-7f0a58000000 ---p 00000000 00:00 0 
7f0a58000000-7f0a58021000 rw-p 00000000 00:00 0 
7f0a58021000-7f0a5c000000 ---p 00000000 00:00 0 
7f0a5c000000-7f0a5c021000 rw-p 00000000 00:00 0 
7f0a5c021000-7f0a60000000 ---p 00000000 00:00 0 
7f0a60000000-7f0a60021000 rw-p 00000000 00:00 0 
7f0a60021000-7f0a64000000 ---p 00000000 00:00 0 
7f0a64000000-7f0a64683000 rw-p 00000000 00:00 0 
7f0a64683000-7f0a68000000 ---p 00000000 00:00 0 
7f0a68000000-7f0a68021000 rw-p 00000000 00:00 0 
7f0a68021000-7f0a6c000000 ---p 00000000 00:00 0 
7f0a6c000000-7f0a6c64b000 rw-p 00000000 00:00 0 
7f0a6c64b000-7f0a70000000 ---p 00000000 00:00 0 
7f0a70000000-7f0a707f9000 rw-p 00000000 00:00 0 
7f0a707f9000-7f0a74000000 ---p 00000000 00:00 0 
7f0a74000000-7f0a74021000 rw-p 00000000 00:00 0 
7f0a74021000-7f0a78000000 ---p 00000000 00:00 0 
7f0a79a8d000-7f0a80000000 r--p 00000000 103:00 919121                    /usr/lib/locale/locale-archive
7f0a80000000-7f0a80021000 rw-p 00000000 00:00 0 
7f0a80021000-7f0a84000000 ---p 00000000 00:00 0 
7f0a84000000-7f0a84021000 rw-p 00000000 00:00 0 
7f0a84021000-7f0a88000000 ---p 00000000 00:00 0 
7f0a88000000-7f0a88021000 rw-p 00000000 00:00 0 
7f0a88021000-7f0a8c000000 ---p 00000000 00:00 0 
7f0a8c000000-7f0a8c295000 rw-p 00000000 00:00 0 
7f0a8c295000-7f0a90000000 ---p 00000000 00:00 0 
7f0a90000000-7f0a90021000 rw-p 00000000 00:00 0 
7f0a90021000-7f0a94000000 ---p 00000000 00:00 0 
7f0a98000000-7f0a98021000 rw-p 00000000 00:00 0 
7f0a98021000-7f0a9c000000 ---p 00000000 00:00 0 
7f0a9f0f0000-7f0a9f0f2000 r-xp 00000000 103:00 1181841                   /usr/lib64/gconv/ISO8859-1.so
7f0a9f0f2000-7f0a9f2f1000 ---p 00002000 103:00 1181841                   /usr/lib64/gconv/ISO8859-1.so
7f0a9f2f1000-7f0a9f2f2000 r--p 00001000 103:00 1181841                   /usr/lib64/gconv/ISO8859-1.so
7f0a9f2f2000-7f0a9f2f3000 rw-p 00002000 103:00 1181841                   /usr/lib64/gconv/ISO8859-1.so
7f0a9f2f3000-7f0a9f2f6000 ---p 00000000 00:00 0 
7f0a9f2f6000-7f0a9f3f4000 rw-p 00000000 00:00 0 
7f0a9f3f4000-7f0a9f3f7000 ---p 00000000 00:00 0 
7f0a9f3f7000-7f0a9f4f5000 rw-p 00000000 00:00 0 
7f0a9f4f5000-7f0a9f4f8000 ---p 00000000 00:00 0 
7f0a9f4f8000-7f0a9f5f6000 rw-p 00000000 00:00 0 
7f0a9f5f6000-7f0a9f5f9000 ---p 00000000 00:00 0 
7f0a9f5f9000-7f0a9f6f7000 rw-p 00000000 00:00 0 
7f0a9f6f7000-7f0a9f6fa000 ---p 00000000 00:00 0 
7f0a9f6fa000-7f0a9f7f8000 rw-p 00000000 00:00 0 
7f0a9f7f8000-7f0a9f7f9000 ---p 00000000 00:00 0 
7f0a9f7f9000-7f0a9f8f9000 rw-p 00000000 00:00 0                          [stack:17245]
7f0a9f8f9000-7f0a9f8fc000 ---p 00000000 00:00 0 
7f0a9f8fc000-7f0a9f9fa000 rw-p 00000000 00:00 0                          [stack:17244]
7f0a9f9fa000-7f0a9f9fd000 ---p 00000000 00:00 0 
7f0a9f9fd000-7f0a9fafb000 rw-p 00000000 00:00 0                          [stack:17243]
7f0a9fafb000-7f0a9fafe000 ---p 00000000 00:00 0 
7f0a9fafe000-7f0a9fbfc000 rw-p 00000000 00:00 0                          [stack:17242]
7f0a9fbfc000-7f0a9fbff000 ---p 00000000 00:00 0 
7f0a9fbff000-7f0a9fcfd000 rw-p 00000000 00:00 0                          [stack:17241]
7f0a9fcfd000-7f0a9fd00000 ---p 00000000 00:00 0 
7f0a9fd00000-7f0a9fdfe000 rw-p 00000000 00:00 0                          [stack:17240]
7f0a9fdfe000-7f0a9fe01000 ---p 00000000 00:00 0 
7f0a9fe01000-7f0a9feff000 rw-p 00000000 00:00 0                          [stack:17239]
7f0a9feff000-7f0a9ff02000 ---p 00000000 00:00 0 
7f0a9ff02000-7f0aa0000000 rw-p 00000000 00:00 0                          [stack:17238]
7f0aa0000000-7f0aa0021000 rw-p 00000000 00:00 0 
7f0aa0021000-7f0aa4000000 ---p 00000000 00:00 0 
7f0aa405b000-7f0aa4062000 r--s 00000000 103:00 1181904                   /usr/lib64/gconv/gconv-modules.cache
7f0aa4062000-7f0aa4077000 r--p 00000000 103:00 2367792                   /usr/share/locale/pt_BR/LC_MESSAGES/libc.mo
7f0aa4077000-7f0aa4082000 r--s 00116000 103:00 262560                    /opt/jdk1.8.0_45/jre/lib/ext/localedata.jar
7f0aa4082000-7f0aa409e000 r--s 00393000 103:00 262562                    /opt/jdk1.8.0_45/jre/lib/ext/cldrdata.jar
7f0aa409e000-7f0aa40ad000 r--s 000df000 08:0f 5156281                    /home/hgoncalves/Android/Sdk/build-tools/23.0.1/lib/dx.jar
7f0aa40ad000-7f0aa40ae000 ---p 00000000 00:00 0 
7f0aa40ae000-7f0aa51b1000 rw-p 00000000 00:00 0                          [stack:17237]
7f0aa51b1000-7f0aa538a000 r--s 03d09000 103:00 262456                    /opt/jdk1.8.0_45/jre/lib/rt.jar
7f0aa538a000-7f0aa5bc3000 rw-p 00000000 00:00 0 
7f0aa5bc3000-7f0aa5c83000 ---p 00000000 00:00 0 
7f0aa5c83000-7f0aa7e83000 rw-p 00000000 00:00 0 
7f0aa7e83000-7f0aa7e84000 ---p 00000000 00:00 0 
7f0aa7e84000-7f0aa7f84000 rw-p 00000000 00:00 0                          [stack:17236]
7f0aa7f84000-7f0aa7f85000 ---p 00000000 00:00 0 
7f0aa7f85000-7f0aa8085000 rw-p 00000000 00:00 0                          [stack:17235]
7f0aa8085000-7f0aa8086000 ---p 00000000 00:00 0 
7f0aa8086000-7f0aa8186000 rw-p 00000000 00:00 0                          [stack:17234]
7f0aa8186000-7f0aa8187000 ---p 00000000 00:00 0 
7f0aa8187000-7f0aa82a6000 rw-p 00000000 00:00 0                          [stack:17233]
7f0aa82a6000-7f0aa83dd000 ---p 00000000 00:00 0 
7f0aa83dd000-7f0aa83f9000 rw-p 00000000 00:00 0 
7f0aa83f9000-7f0aa879d000 ---p 00000000 00:00 0 
7f0aa879d000-7f0aa8e6d000 rwxp 00000000 00:00 0 
7f0aa8e6d000-7f0ab779d000 ---p 00000000 00:00 0 
7f0ab779d000-7f0ab77b7000 r-xp 00000000 103:00 262482                    /opt/jdk1.8.0_45/jre/lib/amd64/libzip.so
7f0ab77b7000-7f0ab79b7000 ---p 0001a000 103:00 262482                    /opt/jdk1.8.0_45/jre/lib/amd64/libzip.so
7f0ab79b7000-7f0ab79b8000 rw-p 0001a000 103:00 262482                    /opt/jdk1.8.0_45/jre/lib/amd64/libzip.so
7f0ab79b8000-7f0ab79c4000 r-xp 00000000 103:00 924876                    /usr/lib64/libnss_files-2.20.so
7f0ab79c4000-7f0ab7bc3000 ---p 0000c000 103:00 924876                    /usr/lib64/libnss_files-2.20.so
7f0ab7bc3000-7f0ab7bc4000 r--p 0000b000 103:00 924876                    /usr/lib64/libnss_files-2.20.so
7f0ab7bc4000-7f0ab7bc5000 rw-p 0000c000 103:00 924876                    /usr/lib64/libnss_files-2.20.so
7f0ab7bc5000-7f0ab7bef000 r-xp 00000000 103:00 262475                    /opt/jdk1.8.0_45/jre/lib/amd64/libjava.so
7f0ab7bef000-7f0ab7def000 ---p 0002a000 103:00 262475                    /opt/jdk1.8.0_45/jre/lib/amd64/libjava.so
7f0ab7def000-7f0ab7df1000 rw-p 0002a000 103:00 262475                    /opt/jdk1.8.0_45/jre/lib/amd64/libjava.so
7f0ab7df1000-7f0ab7dfe000 r-xp 00000000 103:00 262517                    /opt/jdk1.8.0_45/jre/lib/amd64/libverify.so
7f0ab7dfe000-7f0ab7ffe000 ---p 0000d000 103:00 262517                    /opt/jdk1.8.0_45/jre/lib/amd64/libverify.so
7f0ab7ffe000-7f0ab8000000 rw-p 0000d000 103:00 262517                    /opt/jdk1.8.0_45/jre/lib/amd64/libverify.so
7f0ab8000000-7f0ab83bc000 rw-p 00000000 00:00 0 
7f0ab83bc000-7f0abc000000 ---p 00000000 00:00 0 
7f0abc003000-7f0abc023000 rw-p 00000000 00:00 0 
7f0abc023000-7f0abc159000 ---p 00000000 00:00 0 
7f0abc159000-7f0abc196000 rw-p 00000000 00:00 0 
7f0abc196000-7f0abc204000 ---p 00000000 00:00 0 
7f0abc204000-7f0abc205000 rw-p 00000000 00:00 0 
7f0abc205000-7f0abc208000 ---p 00000000 00:00 0 
7f0abc208000-7f0abc306000 rw-p 00000000 00:00 0                          [stack:17232]
7f0abc306000-7f0abcfb4000 r-xp 00000000 103:00 262523                    /opt/jdk1.8.0_45/jre/lib/amd64/server/libjvm.so
7f0abcfb4000-7f0abd1b3000 ---p 00cae000 103:00 262523                    /opt/jdk1.8.0_45/jre/lib/amd64/server/libjvm.so
7f0abd1b3000-7f0abd28a000 rw-p 00cad000 103:00 262523                    /opt/jdk1.8.0_45/jre/lib/amd64/server/libjvm.so
7f0abd28a000-7f0abd2d1000 rw-p 00000000 00:00 0 
7f0abd2d1000-7f0abd2e6000 r-xp 00000000 103:00 262816                    /opt/jdk1.8.0_45/lib/amd64/jli/libjli.so
7f0abd2e6000-7f0abd4e6000 ---p 00015000 103:00 262816                    /opt/jdk1.8.0_45/lib/amd64/jli/libjli.so
7f0abd4e6000-7f0abd4e7000 rw-p 00015000 103:00 262816                    /opt/jdk1.8.0_45/lib/amd64/jli/libjli.so
7f0abd4e7000-7f0abd4e8000 rw-p 00000000 00:00 0 
7f0abd4e8000-7f0abd4ed000 r--s 00094000 103:00 262454                    /opt/jdk1.8.0_45/jre/lib/jsse.jar
7f0abd4ed000-7f0abd501000 rw-p 00000000 00:00 0 
7f0abd501000-7f0abd509000 rw-s 00000000 00:25 385167                     /tmp/hsperfdata_hgoncalves/17225
7f0abd509000-7f0abd50a000 rw-p 00000000 00:00 0 
7f0abd50a000-7f0abd50b000 ---p 00000000 00:00 0 
7f0abd50b000-7f0abd50c000 rw-p 00000000 00:00 0 
7ffe391b5000-7ffe391d8000 rw-p 00000000 00:00 0                          [stack]
7ffe391db000-7ffe391dd000 r--p 00000000 00:00 0                          [vvar]
7ffe391dd000-7ffe391df000 r-xp 00000000 00:00 0                          [vdso]
ffffffffff600000-ffffffffff601000 r-xp 00000000 00:00 0                  [vsyscall]

VM Arguments:
jvm_args: -Xmx1024M -Dfile.encoding=UTF-8 -Duser.country=BR -Duser.language=pt -Duser.variant 
java_command: com.android.dx.command.Main --dex --num-threads=4 --output /home/hgoncalves/AndroidStudioProjects/MinhaVaga/app/build/intermediates/dex/debug /home/hgoncalves/AndroidStudioProjects/MinhaVaga/app/build/intermediates/classes/debug /home/hgoncalves/AndroidStudioProjects/MinhaVaga/app/build/intermediates/pre-dexed/debug/support-annotations-23.1.0-25453d0fd3bdef2596899564773dd9524734a812.jar /home/hgoncalves/AndroidStudioProjects/MinhaVaga/app/build/intermediates/pre-dexed/debug/classes-e7198f4153f759421ad36cd681ac816b6e0b6132.jar /home/hgoncalves/AndroidStudioProjects/MinhaVaga/app/build/intermediates/pre-dexed/debug/internal_impl-22.2.0-c353c935d5e95f6bbb805d3a78caf028cbc38e48.jar /home/hgoncalves/AndroidStudioProjects/MinhaVaga/app/build/intermediates/pre-dexed/debug/classes-298ec7b4e8fd36721564f74e9bf133b6b997f06a.jar /home/hgoncalves/AndroidStudioProjects/MinhaVaga/app/build/intermediates/pre-dexed/debug/classes-57cd0978c38386a2a6fca58d092bac2f44e7af05.jar /home/hgoncalves/AndroidStudioProjects/MinhaVaga/app/build/intermediates/pre-dexed/debug/classes-4703825d5a5d987dc620b2f2bd2806b20699e872.jar /home/hgoncalves/AndroidStudioProjects/MinhaVaga/app/build/intermediates/pre-dexed/debug/classes-5f754166dd62942d2ace63f47c9f07ae832c80c4.jar /home/hgoncalves/AndroidStudioProjects/MinhaVaga/app/build/intermediates/pre-dexed/debug/classes-fb1fe9af608b3066775bf7ec8ce866dd30c6bf36.jar /home/hgoncalves/AndroidStudioProjects/MinhaVaga/app/build/intermediates/pre-dexed/debug/classes-7d3b33a2ea26d5fc4d27ad0a7fa5807def392a8c.jar /home/hgoncalves/AndroidStudioProjects/MinhaVaga/app/build/intermediates/pre-dexed/debug/classes-412ca3a3f7bc242d10394ae7cf9c1a3c42d3b9f5.jar /home/hgoncalves/AndroidStudioProjects/MinhaVaga/app/build/intermediates/pre-dexed/debug/classes-8f5891c537fe6a3df82fd899811a43114d7c9836.jar /home/hgoncalves/AndroidStudioProjects/MinhaVaga/app/build/intermediates/pre-dexed/debug/classes-deb063bf04a5ebf0b4d7fdcfeb68d704f09a31b4.jar /home/hgoncalves/An
java_class_path (initial): /home/hgoncalves/Android/Sdk/build-tools/23.0.1/lib/dx.jar
Launcher Type: SUN_STANDARD

Environment Variables:
PATH=/usr/lib64/qt-3.3/bin:/usr/local/bin:/usr/local/sbin:/usr/bin:/usr/sbin:/bin:/sbin:/home/hgoncalves/.local/bin:/home/hgoncalves/bin
USERNAME=hgoncalves
LD_LIBRARY_PATH=.:
SHELL=/bin/bash
DISPLAY=:0

Signal Handlers:
SIGSEGV: [libjvm.so+0xaad1e0], sa_mask[0]=11111111011111111101111111111110, sa_flags=SA_RESTART|SA_SIGINFO
SIGBUS: [libjvm.so+0xaad1e0], sa_mask[0]=11111111011111111101111111111110, sa_flags=SA_RESTART|SA_SIGINFO
SIGFPE: [libjvm.so+0x90b450], sa_mask[0]=11111111011111111101111111111110, sa_flags=SA_RESTART|SA_SIGINFO
SIGPIPE: [libjvm.so+0x90b450], sa_mask[0]=11111111011111111101111111111110, sa_flags=SA_RESTART|SA_SIGINFO
SIGXFSZ: [libjvm.so+0x90b450], sa_mask[0]=11111111011111111101111111111110, sa_flags=SA_RESTART|SA_SIGINFO
SIGILL: [libjvm.so+0x90b450], sa_mask[0]=11111111011111111101111111111110, sa_flags=SA_RESTART|SA_SIGINFO
SIGUSR1: SIG_DFL, sa_mask[0]=00000000000000000000000000000000, sa_flags=none
SIGUSR2: [libjvm.so+0x90ca90], sa_mask[0]=00100000000000000000000000000000, sa_flags=SA_RESTART|SA_SIGINFO
SIGHUP: [libjvm.so+0x90dde0], sa_mask[0]=11111111011111111101111111111110, sa_flags=SA_RESTART|SA_SIGINFO
SIGINT: [libjvm.so+0x90dde0], sa_mask[0]=11111111011111111101111111111110, sa_flags=SA_RESTART|SA_SIGINFO
SIGTERM: [libjvm.so+0x90dde0], sa_mask[0]=11111111011111111101111111111110, sa_flags=SA_RESTART|SA_SIGINFO
SIGQUIT: [libjvm.so+0x90dde0], sa_mask[0]=11111111011111111101111111111110, sa_flags=SA_RESTART|SA_SIGINFO


---------------  S Y S T E M  ---------------

OS:Fedora release 21 (Twenty One)

uname:Linux 4.1.8-100.fc21.x86_64 #1 SMP Tue Sep 22 12:13:06 UTC 2015 x86_64
libc:glibc 2.20 NPTL 2.20 
rlimit: STACK 8192k, CORE 0k, NPROC 4096, NOFILE 4096, AS infinity
load average:10,42 5,43 3,37

/proc/meminfo:
MemTotal:        5973864 kB
MemFree:           43528 kB
MemAvailable:     180272 kB
Buffers:            2224 kB
Cached:          1319296 kB
SwapCached:        19868 kB
Active:          4477748 kB
Inactive:        1180196 kB
Active(anon):    4448344 kB
Inactive(anon):  1098284 kB
Active(file):      29404 kB
Inactive(file):    81912 kB
Unevictable:          32 kB
Mlocked:              32 kB
SwapTotal:        975868 kB
SwapFree:            108 kB
Dirty:              2368 kB
Writeback:          2024 kB
AnonPages:       4317924 kB
Mapped:           457584 kB
Shmem:           1210060 kB
Slab:             120704 kB
SReclaimable:      61728 kB
SUnreclaim:        58976 kB
KernelStack:       11568 kB
PageTables:        57076 kB
NFS_Unstable:          0 kB
Bounce:                0 kB
WritebackTmp:          0 kB
CommitLimit:     3962800 kB
Committed_AS:   12843324 kB
VmallocTotal:   34359738367 kB
VmallocUsed:      395676 kB
VmallocChunk:   34358947836 kB
HardwareCorrupted:     0 kB
AnonHugePages:         0 kB
HugePages_Total:       0
HugePages_Free:        0
HugePages_Rsvd:        0
HugePages_Surp:        0
Hugepagesize:       2048 kB
DirectMap4k:      249312 kB
DirectMap2M:     5904384 kB


CPU:total 4 (2 cores per cpu, 2 threads per core) family 6 model 58 stepping 9, cmov, cx8, fxsr, mmx, sse, sse2, sse3, ssse3, sse4.1, sse4.2, popcnt, avx, aes, clmul, erms, ht, tsc, tscinvbit, tscinv

/proc/cpuinfo:
processor	: 0
vendor_id	: GenuineIntel
cpu family	: 6
model		: 58
model name	: Intel(R) Core(TM) i5-3337U CPU @ 1.80GHz
stepping	: 9
microcode	: 0x1b
cpu MHz		: 2565.000
cache size	: 3072 KB
physical id	: 0
siblings	: 4
core id		: 0
cpu cores	: 2
apicid		: 0
initial apicid	: 0
fpu		: yes
fpu_exception	: yes
cpuid level	: 13
wp		: yes
flags		: fpu vme de pse tsc msr pae mce cx8 apic sep mtrr pge mca cmov pat pse36 clflush dts acpi mmx fxsr sse sse2 ss ht tm pbe syscall nx rdtscp lm constant_tsc arch_perfmon pebs bts rep_good nopl xtopology nonstop_tsc aperfmperf eagerfpu pni pclmulqdq dtes64 monitor ds_cpl vmx est tm2 ssse3 cx16 xtpr pdcm pcid sse4_1 sse4_2 x2apic popcnt tsc_deadline_timer aes xsave avx f16c rdrand lahf_lm ida arat epb pln pts dtherm tpr_shadow vnmi flexpriority ept vpid fsgsbase smep erms xsaveopt
bugs		:
bogomips	: 3591.49
clflush size	: 64
cache_alignment	: 64
address sizes	: 36 bits physical, 48 bits virtual
power management:

processor	: 1
vendor_id	: GenuineIntel
cpu family	: 6
model		: 58
model name	: Intel(R) Core(TM) i5-3337U CPU @ 1.80GHz
stepping	: 9
microcode	: 0x1b
cpu MHz		: 2500.171
cache size	: 3072 KB
physical id	: 0
siblings	: 4
core id		: 1
cpu cores	: 2
apicid		: 2
initial apicid	: 2
fpu		: yes
fpu_exception	: yes
cpuid level	: 13
wp		: yes
flags		: fpu vme de pse tsc msr pae mce cx8 apic sep mtrr pge mca cmov pat pse36 clflush dts acpi mmx fxsr sse sse2 ss ht tm pbe syscall nx rdtscp lm constant_tsc arch_perfmon pebs bts rep_good nopl xtopology nonstop_tsc aperfmperf eagerfpu pni pclmulqdq dtes64 monitor ds_cpl vmx est tm2 ssse3 cx16 xtpr pdcm pcid sse4_1 sse4_2 x2apic popcnt tsc_deadline_timer aes xsave avx f16c rdrand lahf_lm ida arat epb pln pts dtherm tpr_shadow vnmi flexpriority ept vpid fsgsbase smep erms xsaveopt
bugs		:
bogomips	: 3591.49
clflush size	: 64
cache_alignment	: 64
address sizes	: 36 bits physical, 48 bits virtual
power management:

processor	: 2
vendor_id	: GenuineIntel
cpu family	: 6
model		: 58
model name	: Intel(R) Core(TM) i5-3337U CPU @ 1.80GHz
stepping	: 9
microcode	: 0x1b
cpu MHz		: 2499.960
cache size	: 3072 KB
physical id	: 0
siblings	: 4
core id		: 0
cpu cores	: 2
apicid		: 1
initial apicid	: 1
fpu		: yes
fpu_exception	: yes
cpuid level	: 13
wp		: yes
flags		: fpu vme de pse tsc msr pae mce cx8 apic sep mtrr pge mca cmov pat pse36 clflush dts acpi mmx fxsr sse sse2 ss ht tm pbe syscall nx rdtscp lm constant_tsc arch_perfmon pebs bts rep_good nopl xtopology nonstop_tsc aperfmperf eagerfpu pni pclmulqdq dtes64 monitor ds_cpl vmx est tm2 ssse3 cx16 xtpr pdcm pcid sse4_1 sse4_2 x2apic popcnt tsc_deadline_timer aes xsave avx f16c rdrand lahf_lm ida arat epb pln pts dtherm tpr_shadow vnmi flexpriority ept vpid fsgsbase smep erms xsaveopt
bugs		:
bogomips	: 3591.49
clflush size	: 64
cache_alignment	: 64
address sizes	: 36 bits physical, 48 bits virtual
power management:

processor	: 3
vendor_id	: GenuineIntel
cpu family	: 6
model		: 58
model name	: Intel(R) Core(TM) i5-3337U CPU @ 1.80GHz
stepping	: 9
microcode	: 0x1b
cpu MHz		: 2499.960
cache size	: 3072 KB
physical id	: 0
siblings	: 4
core id		: 1
cpu cores	: 2
apicid		: 3
initial apicid	: 3
fpu		: yes
fpu_exception	: yes
cpuid level	: 13
wp		: yes
flags		: fpu vme de pse tsc msr pae mce cx8 apic sep mtrr pge mca cmov pat pse36 clflush dts acpi mmx fxsr sse sse2 ss ht tm pbe syscall nx rdtscp lm constant_tsc arch_perfmon pebs bts rep_good nopl xtopology nonstop_tsc aperfmperf eagerfpu pni pclmulqdq dtes64 monitor ds_cpl vmx est tm2 ssse3 cx16 xtpr pdcm pcid sse4_1 sse4_2 x2apic popcnt tsc_deadline_timer aes xsave avx f16c rdrand lahf_lm ida arat epb pln pts dtherm tpr_shadow vnmi flexpriority ept vpid fsgsbase smep erms xsaveopt
bugs		:
bogomips	: 3591.49
clflush size	: 64
cache_alignment	: 64
address sizes	: 36 bits physical, 48 bits virtual
power management:



Memory: 4k page, physical 5973864k(43528k free), swap 975868k(108k free)

vm_info: Java HotSpot(TM) 64-Bit Server VM (25.45-b02) for linux-amd64 JRE (1.8.0_45-b14), built on Apr 10 2015 10:07:45 by "java_re" with gcc 4.3.0 20080428 (Red Hat 4.3.0-8)

time: Sun Nov  1 23:25:19 2015
elapsed time: 38 seconds (0d 0h 0m 38s)

