#
# There is insufficient memory for the Java Runtime Environment to continue.
# Native memory allocation (mmap) failed to map 124256256 bytes for committing reserved memory.
# Possible reasons:
#   The system is out of physical RAM or swap space
#   In 32 bit mode, the process size limit was hit
# Possible solutions:
#   Reduce memory load on the system
#   Increase physical memory or swap space
#   Check if swap backing store is full
#   Use 64 bit Java on a 64 bit OS
#   Decrease Java heap size (-Xmx/-Xms)
#   Decrease number of Java threads
#   Decrease Java thread stack sizes (-Xss)
#   Set larger code cache with -XX:ReservedCodeCacheSize=
# This output file may be truncated or incomplete.
#
#  Out of Memory Error (os_linux.cpp:2673), pid=19458, tid=139710054496000
#
# JRE version: Java(TM) SE Runtime Environment (8.0_45-b14) (build 1.8.0_45-b14)
# Java VM: Java HotSpot(TM) 64-Bit Server VM (25.45-b02 mixed mode linux-amd64 compressed oops)
# Failed to write core dump. Core dumps have been disabled. To enable core dumping, try "ulimit -c unlimited" before starting Java again
#

---------------  T H R E A D  ---------------

Current thread (0x00007f10c4077000):  VMThread [stack: 0x00007f10c81b7000,0x00007f10c82b8000] [id=19468]

Stack: [0x00007f10c81b7000,0x00007f10c82b8000],  sp=0x00007f10c82b60a0,  free space=1020k
Native frames: (J=compiled Java code, j=interpreted, Vv=VM code, C=native code)
V  [libjvm.so+0xaac99a]  VMError::report_and_die()+0x2ba
V  [libjvm.so+0x4f333b]  report_vm_out_of_memory(char const*, int, unsigned long, VMErrorType, char const*)+0x8b
V  [libjvm.so+0x90e7c3]  os::Linux::commit_memory_impl(char*, unsigned long, bool)+0x103
V  [libjvm.so+0x90ed19]  os::pd_commit_memory(char*, unsigned long, unsigned long, bool)+0x29
V  [libjvm.so+0x90867a]  os::commit_memory(char*, unsigned long, unsigned long, bool)+0x2a
V  [libjvm.so+0x97bac3]  PSVirtualSpace::expand_by(unsigned long)+0x53
V  [libjvm.so+0x96c320]  PSOldGen::expand(unsigned long)+0x170
V  [libjvm.so+0x96c52b]  PSOldGen::resize(unsigned long)+0x1cb
V  [libjvm.so+0x974241]  PSParallelCompact::invoke_no_policy(bool)+0x9d1
V  [libjvm.so+0x979bed]  PSScavenge::invoke()+0x1ad
V  [libjvm.so+0x932050]  ParallelScavengeHeap::failed_mem_allocate(unsigned long)+0x70
V  [libjvm.so+0xaae1d7]  VM_ParallelGCFailedAllocation::doit()+0x97
V  [libjvm.so+0xab59c5]  VM_Operation::evaluate()+0x55
V  [libjvm.so+0xab3d9a]  VMThread::evaluate_operation(VM_Operation*)+0xba
V  [libjvm.so+0xab411e]  VMThread::loop()+0x1ce
V  [libjvm.so+0xab4590]  VMThread::run()+0x70
V  [libjvm.so+0x910de8]  java_start(Thread*)+0x108

VM_Operation (0x00007f10b48f6690): ParallelGCFailedAllocation, mode: safepoint, requested by thread 0x00007f10c4155000


---------------  P R O C E S S  ---------------

Java Threads: ( => current thread )
  0x00007f10c4169800 JavaThread "pool-2-thread-4" [_thread_blocked, id=19481, stack(0x00007f10b43f4000,0x00007f10b44f5000)]
  0x00007f10c4165800 JavaThread "pool-2-thread-3" [_thread_blocked, id=19480, stack(0x00007f10b44f5000,0x00007f10b45f6000)]
  0x00007f10c4158800 JavaThread "pool-2-thread-2" [_thread_blocked, id=19479, stack(0x00007f10b45f6000,0x00007f10b46f7000)]
  0x00007f10c4157000 JavaThread "pool-3-thread-1" [_thread_blocked, id=19478, stack(0x00007f10b46f7000,0x00007f10b47f8000)]
  0x00007f10c4155000 JavaThread "pool-2-thread-1" [_thread_blocked, id=19477, stack(0x00007f10b47f8000,0x00007f10b48f9000)]
  0x00007f10c40bf800 JavaThread "Service Thread" daemon [_thread_blocked, id=19475, stack(0x00007f10b49fa000,0x00007f10b4afb000)]
  0x00007f10c40ba800 JavaThread "C1 CompilerThread2" daemon [_thread_blocked, id=19474, stack(0x00007f10b4afb000,0x00007f10b4bfc000)]
  0x00007f10c40b8800 JavaThread "C2 CompilerThread1" daemon [_thread_blocked, id=19473, stack(0x00007f10b4bfc000,0x00007f10b4cfd000)]
  0x00007f10c40b5800 JavaThread "C2 CompilerThread0" daemon [_thread_blocked, id=19472, stack(0x00007f10b4cfd000,0x00007f10b4dfe000)]
  0x00007f10c40b4000 JavaThread "Signal Dispatcher" daemon [_thread_blocked, id=19471, stack(0x00007f10b4dfe000,0x00007f10b4eff000)]
  0x00007f10c407e000 JavaThread "Finalizer" daemon [_thread_blocked, id=19470, stack(0x00007f10b4eff000,0x00007f10b5000000)]
  0x00007f10c407c000 JavaThread "Reference Handler" daemon [_thread_blocked, id=19469, stack(0x00007f10c80b6000,0x00007f10c81b7000)]
  0x00007f10c4009000 JavaThread "main" [_thread_blocked, id=19463, stack(0x00007f10cb30d000,0x00007f10cb40e000)]

Other Threads:
=>0x00007f10c4077000 VMThread [stack: 0x00007f10c81b7000,0x00007f10c82b8000] [id=19468]
  0x00007f10c40c2800 WatcherThread [stack: 0x00007f10b48f9000,0x00007f10b49fa000] [id=19476]

VM state:at safepoint (normal execution)

VM Mutex/Monitor currently owned by a thread:  ([mutex/lock_event])
[0x00007f10c4005cf0] ExpandHeap_lock - owner thread: 0x00007f10c4077000
[0x00007f10c4006370] Threads_lock - owner thread: 0x00007f10c4077000
[0x00007f10c4006870] Heap_lock - owner thread: 0x00007f10c4155000

Heap:
 PSYoungGen      total 275456K, used 18122K [0x00000000eab00000, 0x0000000100000000, 0x0000000100000000)
  eden space 200704K, 0% used [0x00000000eab00000,0x00000000eab00000,0x00000000f6f00000)
  from space 74752K, 24% used [0x00000000fb700000,0x00000000fc8b2b30,0x0000000100000000)
  to   space 73728K, 0% used [0x00000000f6f00000,0x00000000f6f00000,0x00000000fb700000)
 ParOldGen       total 214528K, used 214215K [0x00000000c0000000, 0x00000000cd180000, 0x00000000eab00000)
  object space 214528K, 99% used [0x00000000c0000000,0x00000000cd131e18,0x00000000cd180000)
 Metaspace       used 6398K, capacity 7280K, committed 7552K, reserved 1056768K
  class space    used 601K, capacity 616K, committed 640K, reserved 1048576K

Card table byte_map: [0x00007f10ca4c6000,0x00007f10ca6c7000] byte_map_base: 0x00007f10c9ec6000

Marking Bits: (ParMarkBitMap*) 0x00007f10cc3ab760
 Begin Bits: [0x00007f10ae000000, 0x00007f10af000000)
 End Bits:   [0x00007f10af000000, 0x00007f10b0000000)

Polling page: 0x00007f10cc612000

CodeCache: size=245760Kb used=10262Kb max_used=10279Kb free=235497Kb
 bounds [0x00007f10b5000000, 0x00007f10b5a20000, 0x00007f10c4000000]
 total_blobs=2593 nmethods=2324 adapters=182
 compilation: enabled

Compilation events (10 events):
Event: 57,256 Thread 0x00007f10c40ba800 2579   !   2       java.util.concurrent.locks.AbstractQueuedSynchronizer::doAcquireInterruptibly (97 bytes)
Event: 57,257 Thread 0x00007f10c40ba800 nmethod 2579 0x00007f10b5975890 code [0x00007f10b5975a80, 0x00007f10b5976058]
Event: 57,259 Thread 0x00007f10c40b8800 nmethod 2555 0x00007f10b59e1450 code [0x00007f10b59e15c0, 0x00007f10b59e18e8]
Event: 57,259 Thread 0x00007f10c40b8800 2544       4       com.android.dx.ssa.DomFront::run (264 bytes)
Event: 57,276 Thread 0x00007f10c40ba800 2580       2       java.util.concurrent.FutureTask$WaitNode::<init> (12 bytes)
Event: 57,276 Thread 0x00007f10c40ba800 nmethod 2580 0x00007f10b5975510 code [0x00007f10b5975660, 0x00007f10b59757d0]
Event: 57,307 Thread 0x00007f10c40b5800 nmethod 2549 0x00007f10b59fa9d0 code [0x00007f10b59fac40, 0x00007f10b59fc418]
Event: 57,307 Thread 0x00007f10c40b5800 2554       4       com.android.dx.ssa.PhiTypeResolver::run (179 bytes)
Event: 57,321 Thread 0x00007f10c40b8800 nmethod 2544 0x00007f10b59f4010 code [0x00007f10b59f42a0, 0x00007f10b59f5988]
Event: 57,321 Thread 0x00007f10c40b8800 2582       4       com.android.dx.ssa.SsaConverter::edgeSplitMoveExceptionsAndResults (157 bytes)

GC Heap History (10 events):
Event: 9,590 GC heap after
Heap after GC invocations=10 (full 1):
 PSYoungGen      total 306688K, used 42486K [0x00000000eab00000, 0x0000000100000000, 0x0000000100000000)
  eden space 264192K, 0% used [0x00000000eab00000,0x00000000eab00000,0x00000000fad00000)
  from space 42496K, 99% used [0x00000000fad00000,0x00000000fd67db78,0x00000000fd680000)
  to   space 42496K, 0% used [0x00000000fd680000,0x00000000fd680000,0x0000000100000000)
 ParOldGen       total 121856K, used 94520K [0x00000000c0000000, 0x00000000c7700000, 0x00000000eab00000)
  object space 121856K, 77% used [0x00000000c0000000,0x00000000c5c4e1a8,0x00000000c7700000)
 Metaspace       used 6384K, capacity 7216K, committed 7296K, reserved 1056768K
  class space    used 601K, capacity 616K, committed 640K, reserved 1048576K
}
Event: 9,590 GC heap before
{Heap before GC invocations=11 (full 2):
 PSYoungGen      total 306688K, used 42486K [0x00000000eab00000, 0x0000000100000000, 0x0000000100000000)
  eden space 264192K, 0% used [0x00000000eab00000,0x00000000eab00000,0x00000000fad00000)
  from space 42496K, 99% used [0x00000000fad00000,0x00000000fd67db78,0x00000000fd680000)
  to   space 42496K, 0% used [0x00000000fd680000,0x00000000fd680000,0x0000000100000000)
 ParOldGen       total 121856K, used 94520K [0x00000000c0000000, 0x00000000c7700000, 0x00000000eab00000)
  object space 121856K, 77% used [0x00000000c0000000,0x00000000c5c4e1a8,0x00000000c7700000)
 Metaspace       used 6384K, capacity 7216K, committed 7296K, reserved 1056768K
  class space    used 601K, capacity 616K, committed 640K, reserved 1048576K
Event: 10,704 GC heap after
Heap after GC invocations=11 (full 2):
 PSYoungGen      total 306688K, used 12250K [0x00000000eab00000, 0x0000000100000000, 0x0000000100000000)
  eden space 264192K, 0% used [0x00000000eab00000,0x00000000eab00000,0x00000000fad00000)
  from space 42496K, 28% used [0x00000000fad00000,0x00000000fb8f6990,0x00000000fd680000)
  to   space 42496K, 0% used [0x00000000fd680000,0x00000000fd680000,0x0000000100000000)
 ParOldGen       total 214528K, used 121850K [0x00000000c0000000, 0x00000000cd180000, 0x00000000eab00000)
  object space 214528K, 56% used [0x00000000c0000000,0x00000000c76feae0,0x00000000cd180000)
 Metaspace       used 6384K, capacity 7216K, committed 7296K, reserved 1056768K
  class space    used 601K, capacity 616K, committed 640K, reserved 1048576K
}
Event: 12,014 GC heap before
{Heap before GC invocations=12 (full 2):
 PSYoungGen      total 306688K, used 276442K [0x00000000eab00000, 0x0000000100000000, 0x0000000100000000)
  eden space 264192K, 100% used [0x00000000eab00000,0x00000000fad00000,0x00000000fad00000)
  from space 42496K, 28% used [0x00000000fad00000,0x00000000fb8f6990,0x00000000fd680000)
  to   space 42496K, 0% used [0x00000000fd680000,0x00000000fd680000,0x0000000100000000)
 ParOldGen       total 214528K, used 121850K [0x00000000c0000000, 0x00000000cd180000, 0x00000000eab00000)
  object space 214528K, 56% used [0x00000000c0000000,0x00000000c76feae0,0x00000000cd180000)
 Metaspace       used 6390K, capacity 7280K, committed 7552K, reserved 1056768K
  class space    used 601K, capacity 616K, committed 640K, reserved 1048576K
Event: 14,409 GC heap after
Heap after GC invocations=12 (full 2):
 PSYoungGen      total 253440K, used 42478K [0x00000000eab00000, 0x0000000100000000, 0x0000000100000000)
  eden space 210944K, 0% used [0x00000000eab00000,0x00000000eab00000,0x00000000f7900000)
  from space 42496K, 99% used [0x00000000fd680000,0x00000000ffffb9d0,0x0000000100000000)
  to   space 69120K, 0% used [0x00000000f7900000,0x00000000f7900000,0x00000000fbc80000)
 ParOldGen       total 214528K, used 132971K [0x00000000c0000000, 0x00000000cd180000, 0x00000000eab00000)
  object space 214528K, 61% used [0x00000000c0000000,0x00000000c81dad30,0x00000000cd180000)
 Metaspace       used 6390K, capacity 7280K, committed 7552K, reserved 1056768K
  class space    used 601K, capacity 616K, committed 640K, reserved 1048576K
}
Event: 31,103 GC heap before
{Heap before GC invocations=13 (full 2):
 PSYoungGen      total 253440K, used 253422K [0x00000000eab00000, 0x0000000100000000, 0x0000000100000000)
  eden space 210944K, 100% used [0x00000000eab00000,0x00000000f7900000,0x00000000f7900000)
  from space 42496K, 99% used [0x00000000fd680000,0x00000000ffffb9d0,0x0000000100000000)
  to   space 69120K, 0% used [0x00000000f7900000,0x00000000f7900000,0x00000000fbc80000)
 ParOldGen       total 214528K, used 132971K [0x00000000c0000000, 0x00000000cd180000, 0x00000000eab00000)
  object space 214528K, 61% used [0x00000000c0000000,0x00000000c81dad30,0x00000000cd180000)
 Metaspace       used 6390K, capacity 7280K, committed 7552K, reserved 1056768K
  class space    used 601K, capacity 616K, committed 640K, reserved 1048576K
Event: 53,454 GC heap after
Heap after GC invocations=13 (full 2):
 PSYoungGen      total 274432K, used 63297K [0x00000000eab00000, 0x0000000100000000, 0x0000000100000000)
  eden space 210944K, 0% used [0x00000000eab00000,0x00000000eab00000,0x00000000f7900000)
  from space 63488K, 99% used [0x00000000f7900000,0x00000000fb6d0418,0x00000000fb700000)
  to   space 74752K, 0% used [0x00000000fb700000,0x00000000fb700000,0x0000000100000000)
 ParOldGen       total 214528K, used 143538K [0x00000000c0000000, 0x00000000cd180000, 0x00000000eab00000)
  object space 214528K, 66% used [0x00000000c0000000,0x00000000c8c2ca30,0x00000000cd180000)
 Metaspace       used 6390K, capacity 7280K, committed 7552K, reserved 1056768K
  class space    used 601K, capacity 616K, committed 640K, reserved 1048576K
}
Event: 57,331 GC heap before
{Heap before GC invocations=14 (full 2):
 PSYoungGen      total 274432K, used 274241K [0x00000000eab00000, 0x0000000100000000, 0x0000000100000000)
  eden space 210944K, 100% used [0x00000000eab00000,0x00000000f7900000,0x00000000f7900000)
  from space 63488K, 99% used [0x00000000f7900000,0x00000000fb6d0418,0x00000000fb700000)
  to   space 74752K, 0% used [0x00000000fb700000,0x00000000fb700000,0x0000000100000000)
 ParOldGen       total 214528K, used 143538K [0x00000000c0000000, 0x00000000cd180000, 0x00000000eab00000)
  object space 214528K, 66% used [0x00000000c0000000,0x00000000c8c2ca30,0x00000000cd180000)
 Metaspace       used 6398K, capacity 7280K, committed 7552K, reserved 1056768K
  class space    used 601K, capacity 616K, committed 640K, reserved 1048576K
Event: 57,910 GC heap after
Heap after GC invocations=14 (full 2):
 PSYoungGen      total 275456K, used 31119K [0x00000000eab00000, 0x0000000100000000, 0x0000000100000000)
  eden space 200704K, 0% used [0x00000000eab00000,0x00000000eab00000,0x00000000f6f00000)
  from space 74752K, 41% used [0x00000000fb700000,0x00000000fd563f40,0x0000000100000000)
  to   space 73728K, 0% used [0x00000000f6f00000,0x00000000f6f00000,0x00000000fb700000)
 ParOldGen       total 214528K, used 205144K [0x00000000c0000000, 0x00000000cd180000, 0x00000000eab00000)
  object space 214528K, 95% used [0x00000000c0000000,0x00000000cc856130,0x00000000cd180000)
 Metaspace       used 6398K, capacity 7280K, committed 7552K, reserved 1056768K
  class space    used 601K, capacity 616K, committed 640K, reserved 1048576K
}
Event: 57,910 GC heap before
{Heap before GC invocations=15 (full 3):
 PSYoungGen      total 275456K, used 31119K [0x00000000eab00000, 0x0000000100000000, 0x0000000100000000)
  eden space 200704K, 0% used [0x00000000eab00000,0x00000000eab00000,0x00000000f6f00000)
  from space 74752K, 41% used [0x00000000fb700000,0x00000000fd563f40,0x0000000100000000)
  to   space 73728K, 0% used [0x00000000f6f00000,0x00000000f6f00000,0x00000000fb700000)
 ParOldGen       total 214528K, used 205144K [0x00000000c0000000, 0x00000000cd180000, 0x00000000eab00000)
  object space 214528K, 95% used [0x00000000c0000000,0x00000000cc856130,0x00000000cd180000)
 Metaspace       used 6398K, capacity 7280K, committed 7552K, reserved 1056768K
  class space    used 601K, capacity 616K, committed 640K, reserved 1048576K

Deoptimization events (10 events):
Event: 6,361 Thread 0x00007f10c4169800 Uncommon trap: reason=bimorphic action=maybe_recompile pc=0x00007f10b573f4ac method=com.android.dx.cf.code.BytecodeArray.parseInstruction(ILcom/android/dx/cf/code/BytecodeArray$Visitor;)I @ 2281
Event: 6,464 Thread 0x00007f10c4169800 Uncommon trap: reason=unstable_if action=reinterpret pc=0x00007f10b5676ce4 method=java.util.HashMap$TreeNode.find(ILjava/lang/Object;Ljava/lang/Class;)Ljava/util/HashMap$TreeNode; @ 58
Event: 7,363 Thread 0x00007f10c4155000 Uncommon trap: reason=unstable_if action=reinterpret pc=0x00007f10b565ba8c method=com.android.dx.rop.code.RegisterSpecSet.localItemToSpec(Lcom/android/dx/rop/code/LocalItem;)Lcom/android/dx/rop/code/RegisterSpec; @ 35
Event: 7,975 Thread 0x00007f10c4158800 Uncommon trap: reason=bimorphic action=maybe_recompile pc=0x00007f10b58255f8 method=com.android.dx.cf.code.BytecodeArray.parseInstruction(ILcom/android/dx/cf/code/BytecodeArray$Visitor;)I @ 955
Event: 7,975 Thread 0x00007f10c4158800 Uncommon trap: reason=bimorphic action=maybe_recompile pc=0x00007f10b58255f8 method=com.android.dx.cf.code.BytecodeArray.parseInstruction(ILcom/android/dx/cf/code/BytecodeArray$Visitor;)I @ 955
Event: 9,199 Thread 0x00007f10c4169800 Uncommon trap: reason=unstable_if action=reinterpret pc=0x00007f10b5836d68 method=com.android.dx.rop.code.RegisterSpec.intersect(Lcom/android/dx/rop/code/RegisterSpec;Z)Lcom/android/dx/rop/code/RegisterSpec; @ 42
Event: 10,997 Thread 0x00007f10c4165800 Uncommon trap: reason=bimorphic action=maybe_recompile pc=0x00007f10b58a75f0 method=com.android.dx.cf.code.BytecodeArray.parseInstruction(ILcom/android/dx/cf/code/BytecodeArray$Visitor;)I @ 2135
Event: 10,997 Thread 0x00007f10c4165800 Uncommon trap: reason=bimorphic action=maybe_recompile pc=0x00007f10b58a75f0 method=com.android.dx.cf.code.BytecodeArray.parseInstruction(ILcom/android/dx/cf/code/BytecodeArray$Visitor;)I @ 2135
Event: 57,081 Thread 0x00007f10c4165800 Uncommon trap: reason=unstable_if action=reinterpret pc=0x00007f10b597d958 method=com.android.dx.rop.code.BasicBlockList.preferredSuccessorOf(Lcom/android/dx/rop/code/BasicBlock;)Lcom/android/dx/rop/code/BasicBlock; @ 58
Event: 57,190 Thread 0x00007f10c4158800 Uncommon trap: reason=unstable_if action=reinterpret pc=0x00007f10b59e83f0 method=com.android.dx.ssa.SsaMethod.blockIndexToRopLabel(I)I @ 1

Internal exceptions (5 events):
Event: 0,027 Thread 0x00007f10c4009000 Exception <a 'java/lang/NoSuchMethodError': Method sun.misc.Unsafe.defineClass(Ljava/lang/String;[BII)Ljava/lang/Class; name or signature does not match> (0x00000000eab128a0) thrown at [/RE-WORK/workspace/8-2-build-linux-amd64/jdk8u45/3457/hotspot/src/sha
Event: 0,027 Thread 0x00007f10c4009000 Exception <a 'java/lang/NoSuchMethodError': Method sun.misc.Unsafe.prefetchRead(Ljava/lang/Object;J)V name or signature does not match> (0x00000000eab12b30) thrown at [/RE-WORK/workspace/8-2-build-linux-amd64/jdk8u45/3457/hotspot/src/share/vm/prims/jni.cp
Event: 2,952 Thread 0x00007f10c4169800 Exception <a 'java/lang/ArrayIndexOutOfBoundsException': 18> (0x00000000ead79380) thrown at [/RE-WORK/workspace/8-2-build-linux-amd64/jdk8u45/3457/hotspot/src/share/vm/interpreter/interpreterRuntime.cpp, line 366]
Event: 2,953 Thread 0x00007f10c4169800 Exception <a 'java/lang/ArrayIndexOutOfBoundsException': 145> (0x00000000ead7ae50) thrown at [/RE-WORK/workspace/8-2-build-linux-amd64/jdk8u45/3457/hotspot/src/share/vm/interpreter/interpreterRuntime.cpp, line 366]
Event: 2,959 Thread 0x00007f10c4169800 Exception <a 'java/lang/ArrayIndexOutOfBoundsException'> (0x00000000ead7c088) thrown at [/RE-WORK/workspace/8-2-build-linux-amd64/jdk8u45/3457/hotspot/src/share/vm/runtime/sharedRuntime.cpp, line 605]

Events (10 events):
Event: 57,208 Thread 0x00007f10c4155000 DEOPT UNPACKING pc=0x00007f10b5047633 sp=0x00007f10b48f6ad0 mode 0
Event: 57,243 Thread 0x00007f10c4158800 DEOPT PACKING pc=0x00007f10b53912ac sp=0x00007f10b46f4fd0
Event: 57,243 Thread 0x00007f10c4158800 DEOPT UNPACKING pc=0x00007f10b5047633 sp=0x00007f10b46f4cd0 mode 0
Event: 57,253 Thread 0x00007f10c4155000 DEOPT PACKING pc=0x00007f10b52d94a0 sp=0x00007f10b48f6c60
Event: 57,253 Thread 0x00007f10c4155000 DEOPT UNPACKING pc=0x00007f10b5047633 sp=0x00007f10b48f6a60 mode 0
Event: 57,285 Thread 0x00007f10c4158800 DEOPT PACKING pc=0x00007f10b5317d77 sp=0x00007f10b46f4eb0
Event: 57,285 Thread 0x00007f10c4158800 DEOPT UNPACKING pc=0x00007f10b5047633 sp=0x00007f10b46f4c40 mode 0
Event: 57,313 Thread 0x00007f10c4169800 DEOPT PACKING pc=0x00007f10b53912ac sp=0x00007f10b44f2f80
Event: 57,313 Thread 0x00007f10c4169800 DEOPT UNPACKING pc=0x00007f10b5047633 sp=0x00007f10b44f2c80 mode 0
Event: 57,330 Executing VM operation: ParallelGCFailedAllocation


Dynamic libraries:
00400000-00401000 r-xp 00000000 103:00 262654                            /opt/jdk1.8.0_45/bin/java
00600000-00601000 rw-p 00000000 103:00 262654                            /opt/jdk1.8.0_45/bin/java
00995000-009b6000 rw-p 00000000 00:00 0                                  [heap]
c0000000-cd180000 rw-p 00000000 00:00 0 
d4800000-eab00000 ---p 00000000 00:00 0 
eab00000-100000000 rw-p 00000000 00:00 0 
100000000-1000a0000 rw-p 00000000 00:00 0 
1000a0000-140000000 ---p 00000000 00:00 0 
3482000000-3482021000 r-xp 00000000 103:00 918011                        /usr/lib64/ld-2.20.so
3482221000-3482222000 r--p 00021000 103:00 918011                        /usr/lib64/ld-2.20.so
3482222000-3482223000 rw-p 00022000 103:00 918011                        /usr/lib64/ld-2.20.so
3482223000-3482224000 rw-p 00000000 00:00 0 
3482800000-34829b3000 r-xp 00000000 103:00 918111                        /usr/lib64/libc-2.20.so
34829b3000-3482bb3000 ---p 001b3000 103:00 918111                        /usr/lib64/libc-2.20.so
3482bb3000-3482bb7000 r--p 001b3000 103:00 918111                        /usr/lib64/libc-2.20.so
3482bb7000-3482bb9000 rw-p 001b7000 103:00 918111                        /usr/lib64/libc-2.20.so
3482bb9000-3482bbd000 rw-p 00000000 00:00 0 
3482c00000-3482c17000 r-xp 00000000 103:00 918452                        /usr/lib64/libpthread-2.20.so
3482c17000-3482e16000 ---p 00017000 103:00 918452                        /usr/lib64/libpthread-2.20.so
3482e16000-3482e17000 r--p 00016000 103:00 918452                        /usr/lib64/libpthread-2.20.so
3482e17000-3482e18000 rw-p 00017000 103:00 918452                        /usr/lib64/libpthread-2.20.so
3482e18000-3482e1c000 rw-p 00000000 00:00 0 
3483000000-3483003000 r-xp 00000000 103:00 918404                        /usr/lib64/libdl-2.20.so
3483003000-3483202000 ---p 00003000 103:00 918404                        /usr/lib64/libdl-2.20.so
3483202000-3483203000 r--p 00002000 103:00 918404                        /usr/lib64/libdl-2.20.so
3483203000-3483204000 rw-p 00003000 103:00 918404                        /usr/lib64/libdl-2.20.so
3483400000-3483507000 r-xp 00000000 103:00 919170                        /usr/lib64/libm-2.20.so
3483507000-3483706000 ---p 00107000 103:00 919170                        /usr/lib64/libm-2.20.so
3483706000-3483707000 r--p 00106000 103:00 919170                        /usr/lib64/libm-2.20.so
3483707000-3483708000 rw-p 00107000 103:00 919170                        /usr/lib64/libm-2.20.so
3484400000-3484407000 r-xp 00000000 103:00 924608                        /usr/lib64/librt-2.20.so
3484407000-3484606000 ---p 00007000 103:00 924608                        /usr/lib64/librt-2.20.so
3484606000-3484607000 r--p 00006000 103:00 924608                        /usr/lib64/librt-2.20.so
3484607000-3484608000 rw-p 00007000 103:00 924608                        /usr/lib64/librt-2.20.so
7f105c000000-7f105c03e000 rw-p 00000000 00:00 0 
7f105c03e000-7f1060000000 ---p 00000000 00:00 0 
7f1060000000-7f1060052000 rw-p 00000000 00:00 0 
7f1060052000-7f1064000000 ---p 00000000 00:00 0 
7f1064000000-7f1064021000 rw-p 00000000 00:00 0 
7f1064021000-7f1068000000 ---p 00000000 00:00 0 
7f1068000000-7f1068024000 rw-p 00000000 00:00 0 
7f1068024000-7f106c000000 ---p 00000000 00:00 0 
7f106c000000-7f106c021000 rw-p 00000000 00:00 0 
7f106c021000-7f1070000000 ---p 00000000 00:00 0 
7f1070000000-7f107004d000 rw-p 00000000 00:00 0 
7f107004d000-7f1074000000 ---p 00000000 00:00 0 
7f1074000000-7f10748ff000 rw-p 00000000 00:00 0 
7f10748ff000-7f1078000000 ---p 00000000 00:00 0 
7f1078000000-7f1078021000 rw-p 00000000 00:00 0 
7f1078021000-7f107c000000 ---p 00000000 00:00 0 
7f107c000000-7f107e0fd000 rw-p 00000000 00:00 0 
7f107e0fd000-7f1080000000 ---p 00000000 00:00 0 
7f1080000000-7f1081386000 rw-p 00000000 00:00 0 
7f1081386000-7f1084000000 ---p 00000000 00:00 0 
7f1084000000-7f1084021000 rw-p 00000000 00:00 0 
7f1084021000-7f1088000000 ---p 00000000 00:00 0 
7f1089a8d000-7f1090000000 r--p 00000000 103:00 919121                    /usr/lib/locale/locale-archive
7f1090000000-7f1090021000 rw-p 00000000 00:00 0 
7f1090021000-7f1094000000 ---p 00000000 00:00 0 
7f1094000000-7f1094021000 rw-p 00000000 00:00 0 
7f1094021000-7f1098000000 ---p 00000000 00:00 0 
7f1098000000-7f1098021000 rw-p 00000000 00:00 0 
7f1098021000-7f109c000000 ---p 00000000 00:00 0 
7f109c000000-7f109c296000 rw-p 00000000 00:00 0 
7f109c296000-7f10a0000000 ---p 00000000 00:00 0 
7f10a0000000-7f10a0021000 rw-p 00000000 00:00 0 
7f10a0021000-7f10a4000000 ---p 00000000 00:00 0 
7f10a8000000-7f10a8021000 rw-p 00000000 00:00 0 
7f10a8021000-7f10ac000000 ---p 00000000 00:00 0 
7f10ae000000-7f10b0000000 rw-p 00000000 00:00 0 
7f10b0000000-7f10b0021000 rw-p 00000000 00:00 0 
7f10b0021000-7f10b4000000 ---p 00000000 00:00 0 
7f10b41f1000-7f10b41f3000 r-xp 00000000 103:00 1181841                   /usr/lib64/gconv/ISO8859-1.so
7f10b41f3000-7f10b43f2000 ---p 00002000 103:00 1181841                   /usr/lib64/gconv/ISO8859-1.so
7f10b43f2000-7f10b43f3000 r--p 00001000 103:00 1181841                   /usr/lib64/gconv/ISO8859-1.so
7f10b43f3000-7f10b43f4000 rw-p 00002000 103:00 1181841                   /usr/lib64/gconv/ISO8859-1.so
7f10b43f4000-7f10b43f7000 ---p 00000000 00:00 0 
7f10b43f7000-7f10b44f5000 rw-p 00000000 00:00 0                          [stack:19481]
7f10b44f5000-7f10b44f8000 ---p 00000000 00:00 0 
7f10b44f8000-7f10b45f6000 rw-p 00000000 00:00 0                          [stack:19480]
7f10b45f6000-7f10b45f9000 ---p 00000000 00:00 0 
7f10b45f9000-7f10b46f7000 rw-p 00000000 00:00 0                          [stack:19479]
7f10b46f7000-7f10b46fa000 ---p 00000000 00:00 0 
7f10b46fa000-7f10b47f8000 rw-p 00000000 00:00 0                          [stack:19478]
7f10b47f8000-7f10b47fb000 ---p 00000000 00:00 0 
7f10b47fb000-7f10b48f9000 rw-p 00000000 00:00 0                          [stack:19477]
7f10b48f9000-7f10b48fa000 ---p 00000000 00:00 0 
7f10b48fa000-7f10b49fa000 rw-p 00000000 00:00 0                          [stack:19476]
7f10b49fa000-7f10b49fd000 ---p 00000000 00:00 0 
7f10b49fd000-7f10b4afb000 rw-p 00000000 00:00 0                          [stack:19475]
7f10b4afb000-7f10b4afe000 ---p 00000000 00:00 0 
7f10b4afe000-7f10b4bfc000 rw-p 00000000 00:00 0                          [stack:19474]
7f10b4bfc000-7f10b4bff000 ---p 00000000 00:00 0 
7f10b4bff000-7f10b4cfd000 rw-p 00000000 00:00 0                          [stack:19473]
7f10b4cfd000-7f10b4d00000 ---p 00000000 00:00 0 
7f10b4d00000-7f10b4dfe000 rw-p 00000000 00:00 0                          [stack:19472]
7f10b4dfe000-7f10b4e01000 ---p 00000000 00:00 0 
7f10b4e01000-7f10b4eff000 rw-p 00000000 00:00 0                          [stack:19471]
7f10b4eff000-7f10b4f02000 ---p 00000000 00:00 0 
7f10b4f02000-7f10b5000000 rw-p 00000000 00:00 0                          [stack:19470]
7f10b5000000-7f10b5a20000 rwxp 00000000 00:00 0 
7f10b5a20000-7f10c4000000 ---p 00000000 00:00 0 
7f10c4000000-7f10c439d000 rw-p 00000000 00:00 0 
7f10c439d000-7f10c8000000 ---p 00000000 00:00 0 
7f10c801d000-7f10c8024000 r--s 00000000 103:00 1181904                   /usr/lib64/gconv/gconv-modules.cache
7f10c8024000-7f10c8039000 r--p 00000000 103:00 2367792                   /usr/share/locale/pt_BR/LC_MESSAGES/libc.mo
7f10c8039000-7f10c80a7000 r--s 004ef000 08:0f 8787305                    /home/hgoncalves/AndroidStudioProjects/MinhaVaga/app/build/intermediates/transforms/CLASSES/FULL_PROJECT/jarMerging/debug/classes.jar
7f10c80a7000-7f10c80b6000 r--s 000df000 08:0f 5156281                    /home/hgoncalves/Android/Sdk/build-tools/23.0.1/lib/dx.jar
7f10c80b6000-7f10c80b9000 ---p 00000000 00:00 0 
7f10c80b9000-7f10c81b7000 rw-p 00000000 00:00 0                          [stack:19469]
7f10c81b7000-7f10c81b8000 ---p 00000000 00:00 0 
7f10c81b8000-7f10c929a000 rw-p 00000000 00:00 0                          [stack:19468]
7f10c929a000-7f10c9473000 r--s 03d09000 103:00 262456                    /opt/jdk1.8.0_45/jre/lib/rt.jar
7f10c9473000-7f10c9c2c000 rw-p 00000000 00:00 0 
7f10c9c2c000-7f10c9d6c000 ---p 00000000 00:00 0 
7f10c9d6c000-7f10c9f6c000 rw-p 00000000 00:00 0 
7f10c9f6c000-7f10c9f6d000 ---p 00000000 00:00 0 
7f10c9f6d000-7f10ca06d000 rw-p 00000000 00:00 0                          [stack:19467]
7f10ca06d000-7f10ca06e000 ---p 00000000 00:00 0 
7f10ca06e000-7f10ca16e000 rw-p 00000000 00:00 0                          [stack:19466]
7f10ca16e000-7f10ca16f000 ---p 00000000 00:00 0 
7f10ca16f000-7f10ca26f000 rw-p 00000000 00:00 0                          [stack:19465]
7f10ca26f000-7f10ca270000 ---p 00000000 00:00 0 
7f10ca270000-7f10ca3d9000 rw-p 00000000 00:00 0                          [stack:19464]
7f10ca3d9000-7f10ca4c6000 ---p 00000000 00:00 0 
7f10ca4c6000-7f10ca52f000 rw-p 00000000 00:00 0 
7f10ca52f000-7f10ca61b000 ---p 00000000 00:00 0 
7f10ca61b000-7f10ca6c6000 rw-p 00000000 00:00 0 
7f10ca6c6000-7f10ca6f0000 rw-p 00000000 00:00 0 
7f10ca6f0000-7f10caa87000 ---p 00000000 00:00 0 
7f10caa87000-7f10caaa1000 r-xp 00000000 103:00 262482                    /opt/jdk1.8.0_45/jre/lib/amd64/libzip.so
7f10caaa1000-7f10caca1000 ---p 0001a000 103:00 262482                    /opt/jdk1.8.0_45/jre/lib/amd64/libzip.so
7f10caca1000-7f10caca2000 rw-p 0001a000 103:00 262482                    /opt/jdk1.8.0_45/jre/lib/amd64/libzip.so
7f10caca2000-7f10cacae000 r-xp 00000000 103:00 924876                    /usr/lib64/libnss_files-2.20.so
7f10cacae000-7f10caead000 ---p 0000c000 103:00 924876                    /usr/lib64/libnss_files-2.20.so
7f10caead000-7f10caeae000 r--p 0000b000 103:00 924876                    /usr/lib64/libnss_files-2.20.so
7f10caeae000-7f10caeaf000 rw-p 0000c000 103:00 924876                    /usr/lib64/libnss_files-2.20.so
7f10caeb1000-7f10caed2000 rw-p 00000000 00:00 0 
7f10caed2000-7f10caefc000 r-xp 00000000 103:00 262475                    /opt/jdk1.8.0_45/jre/lib/amd64/libjava.so
7f10caefc000-7f10cb0fc000 ---p 0002a000 103:00 262475                    /opt/jdk1.8.0_45/jre/lib/amd64/libjava.so
7f10cb0fc000-7f10cb0fe000 rw-p 0002a000 103:00 262475                    /opt/jdk1.8.0_45/jre/lib/amd64/libjava.so
7f10cb0fe000-7f10cb10b000 r-xp 00000000 103:00 262517                    /opt/jdk1.8.0_45/jre/lib/amd64/libverify.so
7f10cb10b000-7f10cb30b000 ---p 0000d000 103:00 262517                    /opt/jdk1.8.0_45/jre/lib/amd64/libverify.so
7f10cb30b000-7f10cb30d000 rw-p 0000d000 103:00 262517                    /opt/jdk1.8.0_45/jre/lib/amd64/libverify.so
7f10cb30d000-7f10cb310000 ---p 00000000 00:00 0 
7f10cb310000-7f10cb40e000 rw-p 00000000 00:00 0                          [stack:19463]
7f10cb40e000-7f10cc0bc000 r-xp 00000000 103:00 262523                    /opt/jdk1.8.0_45/jre/lib/amd64/server/libjvm.so
7f10cc0bc000-7f10cc2bb000 ---p 00cae000 103:00 262523                    /opt/jdk1.8.0_45/jre/lib/amd64/server/libjvm.so
7f10cc2bb000-7f10cc392000 rw-p 00cad000 103:00 262523                    /opt/jdk1.8.0_45/jre/lib/amd64/server/libjvm.so
7f10cc392000-7f10cc3d9000 rw-p 00000000 00:00 0 
7f10cc3d9000-7f10cc3ee000 r-xp 00000000 103:00 262816                    /opt/jdk1.8.0_45/lib/amd64/jli/libjli.so
7f10cc3ee000-7f10cc5ee000 ---p 00015000 103:00 262816                    /opt/jdk1.8.0_45/lib/amd64/jli/libjli.so
7f10cc5ee000-7f10cc5ef000 rw-p 00015000 103:00 262816                    /opt/jdk1.8.0_45/lib/amd64/jli/libjli.so
7f10cc5ef000-7f10cc5f0000 rw-p 00000000 00:00 0 
7f10cc5f4000-7f10cc609000 rw-p 00000000 00:00 0 
7f10cc609000-7f10cc611000 rw-s 00000000 00:26 474636                     /tmp/hsperfdata_hgoncalves/19458
7f10cc611000-7f10cc612000 rw-p 00000000 00:00 0 
7f10cc612000-7f10cc613000 ---p 00000000 00:00 0 
7f10cc613000-7f10cc614000 rw-p 00000000 00:00 0 
7ffdd0ca0000-7ffdd0cc2000 rw-p 00000000 00:00 0                          [stack]
7ffdd0d54000-7ffdd0d56000 r--p 00000000 00:00 0                          [vvar]
7ffdd0d56000-7ffdd0d58000 r-xp 00000000 00:00 0                          [vdso]
ffffffffff600000-ffffffffff601000 r-xp 00000000 00:00 0                  [vsyscall]

VM Arguments:
jvm_args: -Xmx1024M -Dfile.encoding=UTF-8 -Duser.country=BR -Duser.language=pt -Duser.variant 
java_command: com.android.dx.command.Main --dex --num-threads=4 --multi-dex --main-dex-list /home/hgoncalves/AndroidStudioProjects/MinhaVaga/app/build/intermediates/multi-dex/debug/maindexlist.txt --output /home/hgoncalves/AndroidStudioProjects/MinhaVaga/app/build/intermediates/transforms/DEX/FULL_PROJECT/dex/debug /home/hgoncalves/AndroidStudioProjects/MinhaVaga/app/build/intermediates/transforms/CLASSES/FULL_PROJECT/jarMerging/debug/classes.jar
java_class_path (initial): /home/hgoncalves/Android/Sdk/build-tools/23.0.1/lib/dx.jar
Launcher Type: SUN_STANDARD

Environment Variables:
PATH=/usr/lib64/qt-3.3/bin:/usr/local/bin:/usr/local/sbin:/usr/bin:/usr/sbin:/bin:/sbin:/home/hgoncalves/.local/bin:/home/hgoncalves/bin
USERNAME=hgoncalves
LD_LIBRARY_PATH=.:
SHELL=/bin/bash
DISPLAY=:0

Signal Handlers:
SIGSEGV: [libjvm.so+0xaad1e0], sa_mask[0]=11111111011111111101111111111110, sa_flags=SA_RESTART|SA_SIGINFO
SIGBUS: [libjvm.so+0xaad1e0], sa_mask[0]=11111111011111111101111111111110, sa_flags=SA_RESTART|SA_SIGINFO
SIGFPE: [libjvm.so+0x90b450], sa_mask[0]=11111111011111111101111111111110, sa_flags=SA_RESTART|SA_SIGINFO
SIGPIPE: [libjvm.so+0x90b450], sa_mask[0]=11111111011111111101111111111110, sa_flags=SA_RESTART|SA_SIGINFO
SIGXFSZ: [libjvm.so+0x90b450], sa_mask[0]=11111111011111111101111111111110, sa_flags=SA_RESTART|SA_SIGINFO
SIGILL: [libjvm.so+0x90b450], sa_mask[0]=11111111011111111101111111111110, sa_flags=SA_RESTART|SA_SIGINFO
SIGUSR1: SIG_DFL, sa_mask[0]=00000000000000000000000000000000, sa_flags=none
SIGUSR2: [libjvm.so+0x90ca90], sa_mask[0]=00100000000000000000000000000000, sa_flags=SA_RESTART|SA_SIGINFO
SIGHUP: [libjvm.so+0x90dde0], sa_mask[0]=11111111011111111101111111111110, sa_flags=SA_RESTART|SA_SIGINFO
SIGINT: [libjvm.so+0x90dde0], sa_mask[0]=11111111011111111101111111111110, sa_flags=SA_RESTART|SA_SIGINFO
SIGTERM: [libjvm.so+0x90dde0], sa_mask[0]=11111111011111111101111111111110, sa_flags=SA_RESTART|SA_SIGINFO
SIGQUIT: [libjvm.so+0x90dde0], sa_mask[0]=11111111011111111101111111111110, sa_flags=SA_RESTART|SA_SIGINFO


---------------  S Y S T E M  ---------------

OS:Fedora release 21 (Twenty One)

uname:Linux 4.1.8-100.fc21.x86_64 #1 SMP Tue Sep 22 12:13:06 UTC 2015 x86_64
libc:glibc 2.20 NPTL 2.20 
rlimit: STACK 8192k, CORE 0k, NPROC 4096, NOFILE 4096, AS infinity
load average:25,31 15,30 9,46