#
# There is insufficient memory for the Java Runtime Environment to continue.
# Native memory allocation (mmap) failed to map 93323264 bytes for committing reserved memory.
# Possible reasons:
#   The system is out of physical RAM or swap space
#   In 32 bit mode, the process size limit was hit
# Possible solutions:
#   Reduce memory load on the system
#   Increase physical memory or swap space
#   Check if swap backing store is full
#   Use 64 bit Java on a 64 bit OS
#   Decrease Java heap size (-Xmx/-Xms)
#   Decrease number of Java threads
#   Decrease Java thread stack sizes (-Xss)
#   Set larger code cache with -XX:ReservedCodeCacheSize=
# This output file may be truncated or incomplete.
#
#  Out of Memory Error (os_linux.cpp:2673), pid=17294, tid=140356733040384
#
# JRE version: Java(TM) SE Runtime Environment (8.0_45-b14) (build 1.8.0_45-b14)
# Java VM: Java HotSpot(TM) 64-Bit Server VM (25.45-b02 mixed mode linux-amd64 compressed oops)
# Failed to write core dump. Core dumps have been disabled. To enable core dumping, try "ulimit -c unlimited" before starting Java again
#

---------------  T H R E A D  ---------------

Current thread (0x00007fa770079000):  VMThread [stack: 0x00007fa75926f000,0x00007fa759370000] [id=17306]

Stack: [0x00007fa75926f000,0x00007fa759370000],  sp=0x00007fa75936e220,  free space=1020k
Native frames: (J=compiled Java code, j=interpreted, Vv=VM code, C=native code)
V  [libjvm.so+0xaac99a]  VMError::report_and_die()+0x2ba
V  [libjvm.so+0x4f333b]  report_vm_out_of_memory(char const*, int, unsigned long, VMErrorType, char const*)+0x8b
V  [libjvm.so+0x90e7c3]  os::Linux::commit_memory_impl(char*, unsigned long, bool)+0x103
V  [libjvm.so+0x90ed19]  os::pd_commit_memory(char*, unsigned long, unsigned long, bool)+0x29
V  [libjvm.so+0x90867a]  os::commit_memory(char*, unsigned long, unsigned long, bool)+0x2a
V  [libjvm.so+0x97bac3]  PSVirtualSpace::expand_by(unsigned long)+0x53
V  [libjvm.so+0x97cec8]  PSYoungGen::resize_generation(unsigned long, unsigned long)+0xf8
V  [libjvm.so+0x97c022]  PSYoungGen::resize(unsigned long, unsigned long)+0x22
V  [libjvm.so+0x9792fb]  PSScavenge::invoke_no_policy()+0xf7b
V  [libjvm.so+0x979a81]  PSScavenge::invoke()+0x41
V  [libjvm.so+0x932050]  ParallelScavengeHeap::failed_mem_allocate(unsigned long)+0x70
V  [libjvm.so+0xaae1d7]  VM_ParallelGCFailedAllocation::doit()+0x97
V  [libjvm.so+0xab59c5]  VM_Operation::evaluate()+0x55
V  [libjvm.so+0xab3d9a]  VMThread::evaluate_operation(VM_Operation*)+0xba
V  [libjvm.so+0xab411e]  VMThread::loop()+0x1ce
V  [libjvm.so+0xab4590]  VMThread::run()+0x70
V  [libjvm.so+0x910de8]  java_start(Thread*)+0x108

VM_Operation (0x00007fa7754dced0): ParallelGCFailedAllocation, mode: safepoint, requested by thread 0x00007fa77000b000


---------------  P R O C E S S  ---------------

Java Threads: ( => current thread )
  0x00007fa7700c1800 JavaThread "Service Thread" daemon [_thread_blocked, id=17313, stack(0x00007fa758b68000,0x00007fa758c69000)]
  0x00007fa7700bc800 JavaThread "C1 CompilerThread2" daemon [_thread_blocked, id=17312, stack(0x00007fa758c69000,0x00007fa758d6a000)]
  0x00007fa7700ba800 JavaThread "C2 CompilerThread1" daemon [_thread_blocked, id=17311, stack(0x00007fa758d6a000,0x00007fa758e6b000)]
  0x00007fa7700b7800 JavaThread "C2 CompilerThread0" daemon [_thread_blocked, id=17310, stack(0x00007fa758e6b000,0x00007fa758f6c000)]
  0x00007fa7700b6000 JavaThread "Signal Dispatcher" daemon [_thread_blocked, id=17309, stack(0x00007fa758f6c000,0x00007fa75906d000)]
  0x00007fa770080000 JavaThread "Finalizer" daemon [_thread_blocked, id=17308, stack(0x00007fa75906d000,0x00007fa75916e000)]
  0x00007fa77007e000 JavaThread "Reference Handler" daemon [_thread_blocked, id=17307, stack(0x00007fa75916e000,0x00007fa75926f000)]
  0x00007fa77000b000 JavaThread "main" [_thread_blocked, id=17300, stack(0x00007fa7753de000,0x00007fa7754df000)]

Other Threads:
=>0x00007fa770079000 VMThread [stack: 0x00007fa75926f000,0x00007fa759370000] [id=17306]
  0x00007fa7700c4000 WatcherThread [stack: 0x00007fa758a67000,0x00007fa758b68000] [id=17314]

VM state:at safepoint (normal execution)

VM Mutex/Monitor currently owned by a thread:  ([mutex/lock_event])
[0x00007fa770008250] Threads_lock - owner thread: 0x00007fa770079000
[0x00007fa770008750] Heap_lock - owner thread: 0x00007fa77000b000

Heap:
 PSYoungGen      total 108544K, used 8606K [0x00000000eab00000, 0x00000000f2500000, 0x0000000100000000)
  eden space 94208K, 0% used [0x00000000eab00000,0x00000000eab00000,0x00000000f0700000)
  from space 14336K, 60% used [0x00000000f0700000,0x00000000f0f67af0,0x00000000f1500000)
  to   space 12288K, 0% used [0x00000000f1500000,0x00000000f1500000,0x00000000f2100000)
 ParOldGen       total 62976K, used 20197K [0x00000000c0000000, 0x00000000c3d80000, 0x00000000eab00000)
  object space 62976K, 32% used [0x00000000c0000000,0x00000000c13b97b8,0x00000000c3d80000)
 Metaspace       used 7890K, capacity 8090K, committed 8320K, reserved 1056768K
  class space    used 782K, capacity 821K, committed 896K, reserved 1048576K

Card table byte_map: [0x00007fa774597000,0x00007fa774798000] byte_map_base: 0x00007fa773f97000

Marking Bits: (ParMarkBitMap*) 0x00007fa77647c760
 Begin Bits: [0x00007fa75a000000, 0x00007fa75b000000)
 End Bits:   [0x00007fa75b000000, 0x00007fa75c000000)

Polling page: 0x00007fa7766e3000

CodeCache: size=245760Kb used=7307Kb max_used=7314Kb free=238452Kb
 bounds [0x00007fa761000000, 0x00007fa761730000, 0x00007fa770000000]
 total_blobs=2614 nmethods=2314 adapters=214
 compilation: enabled

Compilation events (10 events):
Event: 7,824 Thread 0x00007fa7700bc800 2321       1       java.util.Formatter::access$300 (5 bytes)
Event: 7,824 Thread 0x00007fa7700bc800 nmethod 2321 0x00007fa76170ac10 code [0x00007fa76170ad60, 0x00007fa76170ae50]
Event: 7,824 Thread 0x00007fa7700bc800 2322       3       java.lang.StringBuilder::length (5 bytes)
Event: 7,824 Thread 0x00007fa7700bc800 nmethod 2322 0x00007fa761704410 code [0x00007fa761704580, 0x00007fa7617046f0]
Event: 7,850 Thread 0x00007fa7700ba800 nmethod 2262 0x00007fa76170b210 code [0x00007fa76170b3c0, 0x00007fa76170be58]
Event: 7,850 Thread 0x00007fa7700ba800 2330       4       com.android.dx.merge.DexMerger::transformAnnotationDirectory (239 bytes)
Event: 7,851 Thread 0x00007fa7700bc800 2332       3       com.android.dex.EncodedValueReader::readBoolean (24 bytes)
Event: 7,852 Thread 0x00007fa7700bc800 nmethod 2332 0x00007fa761706b50 code [0x00007fa761706cc0, 0x00007fa761706ec8]
Event: 7,922 Thread 0x00007fa7700bc800 2337   !   2       java.lang.StringCoding::encode (120 bytes)
Event: 7,936 Thread 0x00007fa7700bc800 nmethod 2337 0x00007fa761727cd0 code [0x00007fa761727f40, 0x00007fa7617287f8]

GC Heap History (10 events):
Event: 4,089 GC heap after
Heap after GC invocations=2 (full 0):
 PSYoungGen      total 27648K, used 3578K [0x00000000eab00000, 0x00000000ee100000, 0x0000000100000000)
  eden space 24064K, 0% used [0x00000000eab00000,0x00000000eab00000,0x00000000ec280000)
  from space 3584K, 99% used [0x00000000ec600000,0x00000000ec97ebc8,0x00000000ec980000)
  to   space 3584K, 0% used [0x00000000ec280000,0x00000000ec280000,0x00000000ec600000)
 ParOldGen       total 62976K, used 8774K [0x00000000c0000000, 0x00000000c3d80000, 0x00000000eab00000)
  object space 62976K, 13% used [0x00000000c0000000,0x00000000c0891af8,0x00000000c3d80000)
 Metaspace       used 5737K, capacity 6832K, committed 7040K, reserved 1056768K
  class space    used 571K, capacity 616K, committed 640K, reserved 1048576K
}
Event: 6,413 GC heap before
{Heap before GC invocations=3 (full 0):
 PSYoungGen      total 27648K, used 27642K [0x00000000eab00000, 0x00000000ee100000, 0x0000000100000000)
  eden space 24064K, 100% used [0x00000000eab00000,0x00000000ec280000,0x00000000ec280000)
  from space 3584K, 99% used [0x00000000ec600000,0x00000000ec97ebc8,0x00000000ec980000)
  to   space 3584K, 0% used [0x00000000ec280000,0x00000000ec280000,0x00000000ec600000)
 ParOldGen       total 62976K, used 8774K [0x00000000c0000000, 0x00000000c3d80000, 0x00000000eab00000)
  object space 62976K, 13% used [0x00000000c0000000,0x00000000c0891af8,0x00000000c3d80000)
 Metaspace       used 7642K, capacity 7876K, committed 8064K, reserved 1056768K
  class space    used 773K, capacity 820K, committed 896K, reserved 1048576K
Event: 6,438 GC heap after
Heap after GC invocations=3 (full 0):
 PSYoungGen      total 27648K, used 3565K [0x00000000eab00000, 0x00000000ee100000, 0x0000000100000000)
  eden space 24064K, 0% used [0x00000000eab00000,0x00000000eab00000,0x00000000ec280000)
  from space 3584K, 99% used [0x00000000ec280000,0x00000000ec5fb6a8,0x00000000ec600000)
  to   space 3584K, 0% used [0x00000000edd80000,0x00000000edd80000,0x00000000ee100000)
 ParOldGen       total 62976K, used 15080K [0x00000000c0000000, 0x00000000c3d80000, 0x00000000eab00000)
  object space 62976K, 23% used [0x00000000c0000000,0x00000000c0eba118,0x00000000c3d80000)
 Metaspace       used 7642K, capacity 7876K, committed 8064K, reserved 1056768K
  class space    used 773K, capacity 820K, committed 896K, reserved 1048576K
}
Event: 6,789 GC heap before
{Heap before GC invocations=4 (full 0):
 PSYoungGen      total 27648K, used 27629K [0x00000000eab00000, 0x00000000ee100000, 0x0000000100000000)
  eden space 24064K, 100% used [0x00000000eab00000,0x00000000ec280000,0x00000000ec280000)
  from space 3584K, 99% used [0x00000000ec280000,0x00000000ec5fb6a8,0x00000000ec600000)
  to   space 3584K, 0% used [0x00000000edd80000,0x00000000edd80000,0x00000000ee100000)
 ParOldGen       total 62976K, used 15080K [0x00000000c0000000, 0x00000000c3d80000, 0x00000000eab00000)
  object space 62976K, 23% used [0x00000000c0000000,0x00000000c0eba118,0x00000000c3d80000)
 Metaspace       used 7742K, capacity 7940K, committed 8064K, reserved 1056768K
  class space    used 774K, capacity 820K, committed 896K, reserved 1048576K
Event: 6,808 GC heap after
Heap after GC invocations=4 (full 0):
 PSYoungGen      total 51712K, used 3559K [0x00000000eab00000, 0x00000000ee100000, 0x0000000100000000)
  eden space 48128K, 0% used [0x00000000eab00000,0x00000000eab00000,0x00000000eda00000)
  from space 3584K, 99% used [0x00000000edd80000,0x00000000ee0f9e18,0x00000000ee100000)
  to   space 3584K, 0% used [0x00000000eda00000,0x00000000eda00000,0x00000000edd80000)
 ParOldGen       total 62976K, used 16423K [0x00000000c0000000, 0x00000000c3d80000, 0x00000000eab00000)
  object space 62976K, 26% used [0x00000000c0000000,0x00000000c1009de8,0x00000000c3d80000)
 Metaspace       used 7742K, capacity 7940K, committed 8064K, reserved 1056768K
  class space    used 774K, capacity 820K, committed 896K, reserved 1048576K
}
Event: 7,215 GC heap before
{Heap before GC invocations=5 (full 0):
 PSYoungGen      total 51712K, used 51333K [0x00000000eab00000, 0x00000000ee100000, 0x0000000100000000)
  eden space 48128K, 99% used [0x00000000eab00000,0x00000000ed9a7760,0x00000000eda00000)
  from space 3584K, 99% used [0x00000000edd80000,0x00000000ee0f9e18,0x00000000ee100000)
  to   space 3584K, 0% used [0x00000000eda00000,0x00000000eda00000,0x00000000edd80000)
 ParOldGen       total 62976K, used 16423K [0x00000000c0000000, 0x00000000c3d80000, 0x00000000eab00000)
  object space 62976K, 26% used [0x00000000c0000000,0x00000000c1009de8,0x00000000c3d80000)
 Metaspace       used 7778K, capacity 7940K, committed 8064K, reserved 1056768K
  class space    used 774K, capacity 820K, committed 896K, reserved 1048576K
Event: 7,236 GC heap after
Heap after GC invocations=5 (full 0):
 PSYoungGen      total 51712K, used 3579K [0x00000000eab00000, 0x00000000f2100000, 0x0000000100000000)
  eden space 48128K, 0% used [0x00000000eab00000,0x00000000eab00000,0x00000000eda00000)
  from space 3584K, 99% used [0x00000000eda00000,0x00000000edd7ee40,0x00000000edd80000)
  to   space 12288K, 0% used [0x00000000f1500000,0x00000000f1500000,0x00000000f2100000)
 ParOldGen       total 62976K, used 17231K [0x00000000c0000000, 0x00000000c3d80000, 0x00000000eab00000)
  object space 62976K, 27% used [0x00000000c0000000,0x00000000c10d3d48,0x00000000c3d80000)
 Metaspace       used 7778K, capacity 7940K, committed 8064K, reserved 1056768K
  class space    used 774K, capacity 820K, committed 896K, reserved 1048576K
}
Event: 7,583 GC heap before
{Heap before GC invocations=6 (full 0):
 PSYoungGen      total 51712K, used 51707K [0x00000000eab00000, 0x00000000f2100000, 0x0000000100000000)
  eden space 48128K, 100% used [0x00000000eab00000,0x00000000eda00000,0x00000000eda00000)
  from space 3584K, 99% used [0x00000000eda00000,0x00000000edd7ee40,0x00000000edd80000)
  to   space 12288K, 0% used [0x00000000f1500000,0x00000000f1500000,0x00000000f2100000)
 ParOldGen       total 62976K, used 17231K [0x00000000c0000000, 0x00000000c3d80000, 0x00000000eab00000)
  object space 62976K, 27% used [0x00000000c0000000,0x00000000c10d3d48,0x00000000c3d80000)
 Metaspace       used 7873K, capacity 8090K, committed 8320K, reserved 1056768K
  class space    used 782K, capacity 821K, committed 896K, reserved 1048576K
Event: 7,617 GC heap after
Heap after GC invocations=6 (full 0):
 PSYoungGen      total 106496K, used 11451K [0x00000000eab00000, 0x00000000f2500000, 0x0000000100000000)
  eden space 94208K, 0% used [0x00000000eab00000,0x00000000eab00000,0x00000000f0700000)
  from space 12288K, 93% used [0x00000000f1500000,0x00000000f202efa8,0x00000000f2100000)
  to   space 14336K, 0% used [0x00000000f0700000,0x00000000f0700000,0x00000000f1500000)
 ParOldGen       total 62976K, used 17231K [0x00000000c0000000, 0x00000000c3d80000, 0x00000000eab00000)
  object space 62976K, 27% used [0x00000000c0000000,0x00000000c10d3d48,0x00000000c3d80000)
 Metaspace       used 7873K, capacity 8090K, committed 8320K, reserved 1056768K
  class space    used 782K, capacity 821K, committed 896K, reserved 1048576K
}
Event: 8,019 GC heap before
{Heap before GC invocations=7 (full 0):
 PSYoungGen      total 106496K, used 105659K [0x00000000eab00000, 0x00000000f2500000, 0x0000000100000000)
  eden space 94208K, 100% used [0x00000000eab00000,0x00000000f0700000,0x00000000f0700000)
  from space 12288K, 93% used [0x00000000f1500000,0x00000000f202efa8,0x00000000f2100000)
  to   space 14336K, 0% used [0x00000000f0700000,0x00000000f0700000,0x00000000f1500000)
 ParOldGen       total 62976K, used 17231K [0x00000000c0000000, 0x00000000c3d80000, 0x00000000eab00000)
  object space 62976K, 27% used [0x00000000c0000000,0x00000000c10d3d48,0x00000000c3d80000)
 Metaspace       used 7890K, capacity 8090K, committed 8320K, reserved 1056768K
  class space    used 782K, capacity 821K, committed 896K, reserved 1048576K

Deoptimization events (10 events):
Event: 5,924 Thread 0x00007fa77000b000 Uncommon trap: reason=unstable_if action=reinterpret pc=0x00007fa7614edf40 method=sun.misc.MetaIndex.mayContain(Ljava/lang/String;)Z @ 13
Event: 6,406 Thread 0x00007fa77000b000 Uncommon trap: reason=predicate action=maybe_recompile pc=0x00007fa761580e7c method=com.android.dex.Leb128.readUnsignedLeb128(Lcom/android/dex/util/ByteInput;)I @ 41
Event: 6,460 Thread 0x00007fa77000b000 Uncommon trap: reason=unstable_if action=reinterpret pc=0x00007fa761591dd4 method=com.android.dx.merge.IndexMap.adjustString(I)I @ 2
Event: 6,618 Thread 0x00007fa77000b000 Uncommon trap: reason=unstable_if action=reinterpret pc=0x00007fa76154fba0 method=com.android.dex.FieldId.compareTo(Lcom/android/dex/FieldId;)I @ 8
Event: 6,629 Thread 0x00007fa77000b000 Uncommon trap: reason=unstable_if action=reinterpret pc=0x00007fa7615427d4 method=com.android.dex.FieldId.compareTo(Lcom/android/dex/FieldId;)I @ 8
Event: 6,785 Thread 0x00007fa77000b000 Uncommon trap: reason=unstable_if action=reinterpret pc=0x00007fa761632ad4 method=java.util.HashMap$TreeNode.find(ILjava/lang/Object;Ljava/lang/Class;)Ljava/util/HashMap$TreeNode; @ 58
Event: 6,786 Thread 0x00007fa77000b000 Uncommon trap: reason=unstable_if action=reinterpret pc=0x00007fa761626d54 method=java.util.HashMap$TreeNode.find(ILjava/lang/Object;Ljava/lang/Class;)Ljava/util/HashMap$TreeNode; @ 58
Event: 7,005 Thread 0x00007fa77000b000 Uncommon trap: reason=unstable_if action=reinterpret pc=0x00007fa76167b1d0 method=java.util.HashMap$TreeNode.balanceInsertion(Ljava/util/HashMap$TreeNode;Ljava/util/HashMap$TreeNode;)Ljava/util/HashMap$TreeNode; @ 47
Event: 7,008 Thread 0x00007fa77000b000 Uncommon trap: reason=unstable_if action=reinterpret pc=0x00007fa76167239c method=com.android.dex.EncodedValueCodec.readUnsignedInt(Lcom/android/dex/util/ByteInput;IZ)I @ 3
Event: 7,769 Thread 0x00007fa77000b000 Uncommon trap: reason=unstable_if action=reinterpret pc=0x00007fa7612b655c method=java.lang.Long.numberOfTrailingZeros(J)I @ 3

Internal exceptions (6 events):
Event: 1,298 Thread 0x00007fa77000b000 Exception <a 'java/lang/NoSuchMethodError': Method sun.misc.Unsafe.defineClass(Ljava/lang/String;[BII)Ljava/lang/Class; name or signature does not match> (0x00000000eab12908) thrown at [/RE-WORK/workspace/8-2-build-linux-amd64/jdk8u45/3457/hotspot/src/sha
Event: 1,298 Thread 0x00007fa77000b000 Exception <a 'java/lang/NoSuchMethodError': Method sun.misc.Unsafe.prefetchRead(Ljava/lang/Object;J)V name or signature does not match> (0x00000000eab12b98) thrown at [/RE-WORK/workspace/8-2-build-linux-amd64/jdk8u45/3457/hotspot/src/share/vm/prims/jni.cp
Event: 5,924 Thread 0x00007fa77000b000 Exception <a 'java/security/PrivilegedActionException'> (0x00000000ec08ed98) thrown at [/RE-WORK/workspace/8-2-build-linux-amd64/jdk8u45/3457/hotspot/src/share/vm/prims/jvm.cpp, line 1382]
Event: 5,925 Thread 0x00007fa77000b000 Exception <a 'java/security/PrivilegedActionException'> (0x00000000ec08f0e0) thrown at [/RE-WORK/workspace/8-2-build-linux-amd64/jdk8u45/3457/hotspot/src/share/vm/prims/jvm.cpp, line 1382]
Event: 5,925 Thread 0x00007fa77000b000 Exception <a 'java/security/PrivilegedActionException'> (0x00000000ec0913a0) thrown at [/RE-WORK/workspace/8-2-build-linux-amd64/jdk8u45/3457/hotspot/src/share/vm/prims/jvm.cpp, line 1382]
Event: 5,925 Thread 0x00007fa77000b000 Exception <a 'java/security/PrivilegedActionException'> (0x00000000ec0916e8) thrown at [/RE-WORK/workspace/8-2-build-linux-amd64/jdk8u45/3457/hotspot/src/share/vm/prims/jvm.cpp, line 1382]

Events (10 events):
Event: 7,354 loading class sun/reflect/ClassDefiner$1
Event: 7,354 loading class sun/reflect/ClassDefiner$1 done
Event: 7,355 loading class sun/reflect/BootstrapConstructorAccessorImpl
Event: 7,355 loading class sun/reflect/BootstrapConstructorAccessorImpl done
Event: 7,582 Executing VM operation: ParallelGCFailedAllocation
Event: 7,617 Executing VM operation: ParallelGCFailedAllocation done
Event: 7,769 Thread 0x00007fa77000b000 Uncommon trap: trap_request=0xffffff65 fr.pc=0x00007fa7612b655c
Event: 7,769 Thread 0x00007fa77000b000 DEOPT PACKING pc=0x00007fa7612b655c sp=0x00007fa7754dd1b0
Event: 7,769 Thread 0x00007fa77000b000 DEOPT UNPACKING pc=0x00007fa761005229 sp=0x00007fa7754dd160 mode 2
Event: 8,019 Executing VM operation: ParallelGCFailedAllocation


Dynamic libraries:
00400000-00401000 r-xp 00000000 103:00 262654                            /opt/jdk1.8.0_45/bin/java
00600000-00601000 rw-p 00000000 103:00 262654                            /opt/jdk1.8.0_45/bin/java
00992000-009b3000 rw-p 00000000 00:00 0                                  [heap]
c0000000-c3d80000 rw-p 00000000 00:00 0 
c3d80000-eab00000 ---p 00000000 00:00 0 
eab00000-f2500000 rw-p 00000000 00:00 0 
f7e00000-100000000 ---p 00000000 00:00 0 
100000000-1000e0000 rw-p 00000000 00:00 0 
1000e0000-140000000 ---p 00000000 00:00 0 
3482000000-3482021000 r-xp 00000000 103:00 918011                        /usr/lib64/ld-2.20.so
3482221000-3482222000 r--p 00021000 103:00 918011                        /usr/lib64/ld-2.20.so
3482222000-3482223000 rw-p 00022000 103:00 918011                        /usr/lib64/ld-2.20.so
3482223000-3482224000 rw-p 00000000 00:00 0 
3482800000-34829b3000 r-xp 00000000 103:00 918111                        /usr/lib64/libc-2.20.so
34829b3000-3482bb3000 ---p 001b3000 103:00 918111                        /usr/lib64/libc-2.20.so
3482bb3000-3482bb7000 r--p 001b3000 103:00 918111                        /usr/lib64/libc-2.20.so
3482bb7000-3482bb9000 rw-p 001b7000 103:00 918111                        /usr/lib64/libc-2.20.so
3482bb9000-3482bbd000 rw-p 00000000 00:00 0 
3482c00000-3482c17000 r-xp 00000000 103:00 918452                        /usr/lib64/libpthread-2.20.so
3482c17000-3482e16000 ---p 00017000 103:00 918452                        /usr/lib64/libpthread-2.20.so
3482e16000-3482e17000 r--p 00016000 103:00 918452                        /usr/lib64/libpthread-2.20.so
3482e17000-3482e18000 rw-p 00017000 103:00 918452                        /usr/lib64/libpthread-2.20.so
3482e18000-3482e1c000 rw-p 00000000 00:00 0 
3483000000-3483003000 r-xp 00000000 103:00 918404                        /usr/lib64/libdl-2.20.so
3483003000-3483202000 ---p 00003000 103:00 918404                        /usr/lib64/libdl-2.20.so
3483202000-3483203000 r--p 00002000 103:00 918404                        /usr/lib64/libdl-2.20.so
3483203000-3483204000 rw-p 00003000 103:00 918404                        /usr/lib64/libdl-2.20.so
3483400000-3483507000 r-xp 00000000 103:00 919170                        /usr/lib64/libm-2.20.so
3483507000-3483706000 ---p 00107000 103:00 919170                        /usr/lib64/libm-2.20.so
3483706000-3483707000 r--p 00106000 103:00 919170                        /usr/lib64/libm-2.20.so
3483707000-3483708000 rw-p 00107000 103:00 919170                        /usr/lib64/libm-2.20.so
3484400000-3484407000 r-xp 00000000 103:00 924608                        /usr/lib64/librt-2.20.so
3484407000-3484606000 ---p 00007000 103:00 924608                        /usr/lib64/librt-2.20.so
3484606000-3484607000 r--p 00006000 103:00 924608                        /usr/lib64/librt-2.20.so
3484607000-3484608000 rw-p 00007000 103:00 924608                        /usr/lib64/librt-2.20.so
7fa708000000-7fa708034000 rw-p 00000000 00:00 0 
7fa708034000-7fa70c000000 ---p 00000000 00:00 0 
7fa710000000-7fa710021000 rw-p 00000000 00:00 0 
7fa710021000-7fa714000000 ---p 00000000 00:00 0 
7fa714000000-7fa714021000 rw-p 00000000 00:00 0 
7fa714021000-7fa718000000 ---p 00000000 00:00 0 
7fa718000000-7fa718045000 rw-p 00000000 00:00 0 
7fa718045000-7fa71c000000 ---p 00000000 00:00 0 
7fa71c000000-7fa71c021000 rw-p 00000000 00:00 0 
7fa71c021000-7fa720000000 ---p 00000000 00:00 0 
7fa720000000-7fa720021000 rw-p 00000000 00:00 0 
7fa720021000-7fa724000000 ---p 00000000 00:00 0 
7fa724000000-7fa724021000 rw-p 00000000 00:00 0 
7fa724021000-7fa728000000 ---p 00000000 00:00 0 
7fa728000000-7fa728b5c000 rw-p 00000000 00:00 0 
7fa728b5c000-7fa72c000000 ---p 00000000 00:00 0 
7fa72c000000-7fa72c6dc000 rw-p 00000000 00:00 0 
7fa72c6dc000-7fa730000000 ---p 00000000 00:00 0 
7fa730000000-7fa730eb3000 rw-p 00000000 00:00 0 
7fa730eb3000-7fa734000000 ---p 00000000 00:00 0 
7fa735a8d000-7fa73c000000 r--p 00000000 103:00 919121                    /usr/lib/locale/locale-archive
7fa73c000000-7fa73c021000 rw-p 00000000 00:00 0 
7fa73c021000-7fa740000000 ---p 00000000 00:00 0 
7fa740000000-7fa740021000 rw-p 00000000 00:00 0 
7fa740021000-7fa744000000 ---p 00000000 00:00 0 
7fa744000000-7fa74429d000 rw-p 00000000 00:00 0 
7fa74429d000-7fa748000000 ---p 00000000 00:00 0 
7fa748000000-7fa748021000 rw-p 00000000 00:00 0 
7fa748021000-7fa74c000000 ---p 00000000 00:00 0 
7fa74c000000-7fa74c021000 rw-p 00000000 00:00 0 
7fa74c021000-7fa750000000 ---p 00000000 00:00 0 
7fa750000000-7fa750021000 rw-p 00000000 00:00 0 
7fa750021000-7fa754000000 ---p 00000000 00:00 0 
7fa754000000-7fa754021000 rw-p 00000000 00:00 0 
7fa754021000-7fa758000000 ---p 00000000 00:00 0 
7fa75831c000-7fa75831e000 r-xp 00000000 103:00 1181841                   /usr/lib64/gconv/ISO8859-1.so
7fa75831e000-7fa75851d000 ---p 00002000 103:00 1181841                   /usr/lib64/gconv/ISO8859-1.so
7fa75851d000-7fa75851e000 r--p 00001000 103:00 1181841                   /usr/lib64/gconv/ISO8859-1.so
7fa75851e000-7fa75851f000 rw-p 00002000 103:00 1181841                   /usr/lib64/gconv/ISO8859-1.so
7fa75851f000-7fa758526000 r--s 00000000 103:00 1181904                   /usr/lib64/gconv/gconv-modules.cache
7fa758526000-7fa75853b000 r--p 00000000 103:00 2367792                   /usr/share/locale/pt_BR/LC_MESSAGES/libc.mo
7fa75853b000-7fa758546000 r--s 00116000 103:00 262560                    /opt/jdk1.8.0_45/jre/lib/ext/localedata.jar
7fa758546000-7fa758562000 r--s 00393000 103:00 262562                    /opt/jdk1.8.0_45/jre/lib/ext/cldrdata.jar
7fa758562000-7fa758565000 ---p 00000000 00:00 0 
7fa758565000-7fa758663000 rw-p 00000000 00:00 0 
7fa758663000-7fa758666000 ---p 00000000 00:00 0 
7fa758666000-7fa758764000 rw-p 00000000 00:00 0 
7fa758764000-7fa758767000 ---p 00000000 00:00 0 
7fa758767000-7fa758865000 rw-p 00000000 00:00 0 
7fa758865000-7fa758868000 ---p 00000000 00:00 0 
7fa758868000-7fa758966000 rw-p 00000000 00:00 0 
7fa758966000-7fa758969000 ---p 00000000 00:00 0 
7fa758969000-7fa758a67000 rw-p 00000000 00:00 0 
7fa758a67000-7fa758a68000 ---p 00000000 00:00 0 
7fa758a68000-7fa758b68000 rw-p 00000000 00:00 0                          [stack:17314]
7fa758b68000-7fa758b6b000 ---p 00000000 00:00 0 
7fa758b6b000-7fa758c69000 rw-p 00000000 00:00 0                          [stack:17313]
7fa758c69000-7fa758c6c000 ---p 00000000 00:00 0 
7fa758c6c000-7fa758d6a000 rw-p 00000000 00:00 0                          [stack:17312]
7fa758d6a000-7fa758d6d000 ---p 00000000 00:00 0 
7fa758d6d000-7fa758e6b000 rw-p 00000000 00:00 0                          [stack:17311]
7fa758e6b000-7fa758e6e000 ---p 00000000 00:00 0 
7fa758e6e000-7fa758f6c000 rw-p 00000000 00:00 0                          [stack:17310]
7fa758f6c000-7fa758f6f000 ---p 00000000 00:00 0 
7fa758f6f000-7fa75906d000 rw-p 00000000 00:00 0                          [stack:17309]
7fa75906d000-7fa759070000 ---p 00000000 00:00 0 
7fa759070000-7fa75916e000 rw-p 00000000 00:00 0                          [stack:17308]
7fa75916e000-7fa759171000 ---p 00000000 00:00 0 
7fa759171000-7fa75926f000 rw-p 00000000 00:00 0                          [stack:17307]
7fa75926f000-7fa759270000 ---p 00000000 00:00 0 
7fa759270000-7fa75c000000 rw-p 00000000 00:00 0                          [stack:17306]
7fa75c000000-7fa75c021000 rw-p 00000000 00:00 0 
7fa75c021000-7fa760000000 ---p 00000000 00:00 0 
7fa760004000-7fa760356000 rw-p 00000000 00:00 0 
7fa760356000-7fa76052f000 r--s 03d09000 103:00 262456                    /opt/jdk1.8.0_45/jre/lib/rt.jar
7fa76052f000-7fa760d40000 rw-p 00000000 00:00 0 
7fa760d40000-7fa760e00000 ---p 00000000 00:00 0 
7fa760e00000-7fa761000000 rw-p 00000000 00:00 0 
7fa761000000-7fa761730000 rwxp 00000000 00:00 0 
7fa761730000-7fa770000000 ---p 00000000 00:00 0 
7fa770000000-7fa770395000 rw-p 00000000 00:00 0 
7fa770395000-7fa774000000 ---p 00000000 00:00 0 
7fa774006000-7fa774015000 r--s 000df000 08:0f 5156281                    /home/hgoncalves/Android/Sdk/build-tools/23.0.1/lib/dx.jar
7fa774015000-7fa77403d000 rw-p 00000000 00:00 0 
7fa77403d000-7fa77403e000 ---p 00000000 00:00 0 
7fa77403e000-7fa77413e000 rw-p 00000000 00:00 0                          [stack:17305]
7fa77413e000-7fa77413f000 ---p 00000000 00:00 0 
7fa77413f000-7fa77423f000 rw-p 00000000 00:00 0                          [stack:17304]
7fa77423f000-7fa774240000 ---p 00000000 00:00 0 
7fa774240000-7fa774340000 rw-p 00000000 00:00 0                          [stack:17303]
7fa774340000-7fa774341000 ---p 00000000 00:00 0 
7fa774341000-7fa774460000 rw-p 00000000 00:00 0                          [stack:17302]
7fa774460000-7fa774597000 ---p 00000000 00:00 0 
7fa774597000-7fa7745b6000 rw-p 00000000 00:00 0 
7fa7745b6000-7fa7746ec000 ---p 00000000 00:00 0 
7fa7746ec000-7fa77472a000 rw-p 00000000 00:00 0 
7fa77472a000-7fa774797000 ---p 00000000 00:00 0 
7fa774797000-7fa7747b5000 rw-p 00000000 00:00 0 
7fa7747b5000-7fa774b58000 ---p 00000000 00:00 0 
7fa774b58000-7fa774b72000 r-xp 00000000 103:00 262482                    /opt/jdk1.8.0_45/jre/lib/amd64/libzip.so
7fa774b72000-7fa774d72000 ---p 0001a000 103:00 262482                    /opt/jdk1.8.0_45/jre/lib/amd64/libzip.so
7fa774d72000-7fa774d73000 rw-p 0001a000 103:00 262482                    /opt/jdk1.8.0_45/jre/lib/amd64/libzip.so
7fa774d73000-7fa774d7f000 r-xp 00000000 103:00 924876                    /usr/lib64/libnss_files-2.20.so
7fa774d7f000-7fa774f7e000 ---p 0000c000 103:00 924876                    /usr/lib64/libnss_files-2.20.so
7fa774f7e000-7fa774f7f000 r--p 0000b000 103:00 924876                    /usr/lib64/libnss_files-2.20.so
7fa774f7f000-7fa774f80000 rw-p 0000c000 103:00 924876                    /usr/lib64/libnss_files-2.20.so
7fa774f81000-7fa774fa3000 rw-p 00000000 00:00 0 
7fa774fa3000-7fa774fcd000 r-xp 00000000 103:00 262475                    /opt/jdk1.8.0_45/jre/lib/amd64/libjava.so
7fa774fcd000-7fa7751cd000 ---p 0002a000 103:00 262475                    /opt/jdk1.8.0_45/jre/lib/amd64/libjava.so
7fa7751cd000-7fa7751cf000 rw-p 0002a000 103:00 262475                    /opt/jdk1.8.0_45/jre/lib/amd64/libjava.so
7fa7751cf000-7fa7751dc000 r-xp 00000000 103:00 262517                    /opt/jdk1.8.0_45/jre/lib/amd64/libverify.so
7fa7751dc000-7fa7753dc000 ---p 0000d000 103:00 262517                    /opt/jdk1.8.0_45/jre/lib/amd64/libverify.so
7fa7753dc000-7fa7753de000 rw-p 0000d000 103:00 262517                    /opt/jdk1.8.0_45/jre/lib/amd64/libverify.so
7fa7753de000-7fa7753e1000 ---p 00000000 00:00 0 
7fa7753e1000-7fa7754df000 rw-p 00000000 00:00 0                          [stack:17300]
7fa7754df000-7fa77618d000 r-xp 00000000 103:00 262523                    /opt/jdk1.8.0_45/jre/lib/amd64/server/libjvm.so
7fa77618d000-7fa77638c000 ---p 00cae000 103:00 262523                    /opt/jdk1.8.0_45/jre/lib/amd64/server/libjvm.so
7fa77638c000-7fa776463000 rw-p 00cad000 103:00 262523                    /opt/jdk1.8.0_45/jre/lib/amd64/server/libjvm.so
7fa776463000-7fa7764aa000 rw-p 00000000 00:00 0 
7fa7764aa000-7fa7764bf000 r-xp 00000000 103:00 262816                    /opt/jdk1.8.0_45/lib/amd64/jli/libjli.so
7fa7764bf000-7fa7766bf000 ---p 00015000 103:00 262816                    /opt/jdk1.8.0_45/lib/amd64/jli/libjli.so
7fa7766bf000-7fa7766c0000 rw-p 00015000 103:00 262816                    /opt/jdk1.8.0_45/lib/amd64/jli/libjli.so
7fa7766c0000-7fa7766c1000 rw-p 00000000 00:00 0 
7fa7766c1000-7fa7766c6000 r--s 00094000 103:00 262454                    /opt/jdk1.8.0_45/jre/lib/jsse.jar
7fa7766c6000-7fa7766da000 rw-p 00000000 00:00 0 
7fa7766da000-7fa7766e2000 rw-s 00000000 00:25 386963                     /tmp/hsperfdata_hgoncalves/17294
7fa7766e2000-7fa7766e3000 rw-p 00000000 00:00 0 
7fa7766e3000-7fa7766e4000 ---p 00000000 00:00 0 
7fa7766e4000-7fa7766e5000 rw-p 00000000 00:00 0 
7fff13336000-7fff13359000 rw-p 00000000 00:00 0                          [stack]
7fff13388000-7fff1338a000 r--p 00000000 00:00 0                          [vvar]
7fff1338a000-7fff1338c000 r-xp 00000000 00:00 0                          [vdso]
ffffffffff600000-ffffffffff601000 r-xp 00000000 00:00 0                  [vsyscall]

VM Arguments:
jvm_args: -Xmx1024M -Dfile.encoding=UTF-8 -Duser.country=BR -Duser.language=pt -Duser.variant 
java_command: com.android.dx.command.Main --dex --num-threads=4 --output /home/hgoncalves/AndroidStudioProjects/MinhaVaga/app/build/intermediates/dex/debug /home/hgoncalves/AndroidStudioProjects/MinhaVaga/app/build/intermediates/classes/debug /home/hgoncalves/AndroidStudioProjects/MinhaVaga/app/build/intermediates/pre-dexed/debug/support-annotations-23.1.0-25453d0fd3bdef2596899564773dd9524734a812.jar /home/hgoncalves/AndroidStudioProjects/MinhaVaga/app/build/intermediates/pre-dexed/debug/classes-e7198f4153f759421ad36cd681ac816b6e0b6132.jar /home/hgoncalves/AndroidStudioProjects/MinhaVaga/app/build/intermediates/pre-dexed/debug/internal_impl-22.2.0-c353c935d5e95f6bbb805d3a78caf028cbc38e48.jar /home/hgoncalves/AndroidStudioProjects/MinhaVaga/app/build/intermediates/pre-dexed/debug/classes-298ec7b4e8fd36721564f74e9bf133b6b997f06a.jar /home/hgoncalves/AndroidStudioProjects/MinhaVaga/app/build/intermediates/pre-dexed/debug/classes-57cd0978c38386a2a6fca58d092bac2f44e7af05.jar /home/hgoncalves/AndroidStudioProjects/MinhaVaga/app/build/intermediates/pre-dexed/debug/classes-4703825d5a5d987dc620b2f2bd2806b20699e872.jar /home/hgoncalves/AndroidStudioProjects/MinhaVaga/app/build/intermediates/pre-dexed/debug/classes-5f754166dd62942d2ace63f47c9f07ae832c80c4.jar /home/hgoncalves/AndroidStudioProjects/MinhaVaga/app/build/intermediates/pre-dexed/debug/classes-fb1fe9af608b3066775bf7ec8ce866dd30c6bf36.jar /home/hgoncalves/AndroidStudioProjects/MinhaVaga/app/build/intermediates/pre-dexed/debug/classes-7d3b33a2ea26d5fc4d27ad0a7fa5807def392a8c.jar /home/hgoncalves/AndroidStudioProjects/MinhaVaga/app/build/intermediates/pre-dexed/debug/classes-412ca3a3f7bc242d10394ae7cf9c1a3c42d3b9f5.jar /home/hgoncalves/AndroidStudioProjects/MinhaVaga/app/build/intermediates/pre-dexed/debug/classes-8f5891c537fe6a3df82fd899811a43114d7c9836.jar /home/hgoncalves/AndroidStudioProjects/MinhaVaga/app/build/intermediates/pre-dexed/debug/classes-deb063bf04a5ebf0b4d7fdcfeb68d704f09a31b4.jar /home/hgoncalves/An
java_class_path (initial): /home/hgoncalves/Android/Sdk/build-tools/23.0.1/lib/dx.jar
Launcher Type: SUN_STANDARD

Environment Variables:
PATH=/usr/lib64/qt-3.3/bin:/usr/local/bin:/usr/local/sbin:/usr/bin:/usr/sbin:/bin:/sbin:/home/hgoncalves/.local/bin:/home/hgoncalves/bin
USERNAME=hgoncalves
LD_LIBRARY_PATH=.:
SHELL=/bin/bash
DISPLAY=:0

Signal Handlers:
